-- The C compiler identification is GNU 11.4.0
-- The CXX compiler identification is GNU 11.4.0
-- Detecting C compiler ABI info
-- Detecting C compiler ABI info - done
-- Check for working C compiler: /usr/bin/cc - skipped
-- Detecting C compile features
-- Detecting C compile features - done
-- Detecting CXX compiler ABI info
-- Detecting CXX compiler ABI info - done
-- Check for working CXX compiler: /usr/bin/c++ - skipped
-- Detecting CXX compile features
-- Detecting CXX compile features - done
-- Found ament_cmake: 1.3.11 (/opt/ros/humble/share/ament_cmake/cmake)
-- Found Python3: /usr/bin/python3 (found version "3.10.12") found components: Interpreter 
-- Found ament_index_cpp: 1.4.0 (/opt/ros/humble/share/ament_index_cpp/cmake)
-- Found geometry_msgs: 4.2.4 (/opt/ros/humble/share/geometry_msgs/cmake)
-- Found rosidl_generator_c: 3.1.6 (/opt/ros/humble/share/rosidl_generator_c/cmake)
-- Found rosidl_adapter: 3.1.6 (/opt/ros/humble/share/rosidl_adapter/cmake)
-- Found rosidl_generator_cpp: 3.1.6 (/opt/ros/humble/share/rosidl_generator_cpp/cmake)
-- Using all available rosidl_typesupport_c: rosidl_typesupport_fastrtps_c;rosidl_typesupport_introspection_c
-- Using all available rosidl_typesupport_cpp: rosidl_typesupport_fastrtps_cpp;rosidl_typesupport_introspection_cpp
-- Found rclcpp: 16.0.11 (/opt/ros/humble/share/rclcpp/cmake)
-- Found rmw_implementation_cmake: 6.1.2 (/opt/ros/humble/share/rmw_implementation_cmake/cmake)
-- Found rmw_fastrtps_cpp: 6.2.7 (/opt/ros/humble/share/rmw_fastrtps_cpp/cmake)
-- Found OpenSSL: /usr/lib/x86_64-linux-gnu/libcrypto.so (found version "3.0.2")  
-- Found FastRTPS: /opt/ros/humble/include  
-- Using RMW implementation 'rmw_fastrtps_cpp' as default
-- Looking for pthread.h
-- Looking for pthread.h - found
-- Performing Test CMAKE_HAVE_LIBC_PTHREAD
-- Performing Test CMAKE_HAVE_LIBC_PTHREAD - Success
-- Found Threads: TRUE  
-- Found rclcpp_action: 16.0.11 (/opt/ros/humble/share/rclcpp_action/cmake)
-- Found std_srvs: 4.2.4 (/opt/ros/humble/share/std_srvs/cmake)
-- Found turtlesim_msgs: 1.9.2 (/home/james/ws_TaskPlanner/src/install/turtlesim_msgs/share/turtlesim_msgs/cmake)
-- Found ament_lint_auto: 0.12.11 (/opt/ros/humble/share/ament_lint_auto/cmake)
-- Added test 'copyright' to check source files copyright and LICENSE
-- Added test 'cppcheck' to perform static code analysis on C / C++ code
-- Configured cppcheck include dirs: /home/james/ws_TaskPlanner/src/ros_tutorials/turtlesim/include
-- Configured cppcheck exclude dirs and/or files: 
-- Added test 'cpplint' to check C / C++ code against the Google style
-- Configured cpplint exclude dirs and/or files: 
-- Added test 'flake8' to check Python code syntax and style conventions
-- Added test 'lint_cmake' to check CMake code style
-- Added test 'pep257' to check Python code against some of the docstring style conventions in PEP 257
-- Added test 'uncrustify' to check C / C++ code style
-- Configured uncrustify additional arguments: 
-- Added test 'xmllint' to check XML markup files
-- Configuring done
-- Generating done
-- Build files have been written to: /home/james/ws_TaskPlanner/src/build/turtlesim
[  8%] [34m[1mGenerating include/turtlesim/moc_turtle_frame.cpp[0m
[ 16%] [32mBuilding CXX object CMakeFiles/draw_square.dir/tutorials/draw_square.cpp.o[0m
[ 25%] [32mBuilding CXX object CMakeFiles/turtle_teleop_key.dir/tutorials/teleop_turtle_key.cpp.o[0m
[ 33%] [32mBuilding CXX object CMakeFiles/mimic.dir/tutorials/mimic.cpp.o[0m
[ 66%] [32mBuilding CXX object CMakeFiles/turtlesim_node.dir/src/turtlesim.cpp.o[0m
[ 66%] [32mBuilding CXX object CMakeFiles/turtlesim_node.dir/include/turtlesim/moc_turtle_frame.cpp.o[0m
[ 66%] [32mBuilding CXX object CMakeFiles/turtlesim_node.dir/src/turtle_frame.cpp.o[0m
[ 66%] [32mBuilding CXX object CMakeFiles/turtlesim_node.dir/src/turtle.cpp.o[0m
[ 75%] [32m[1mLinking CXX executable turtle_teleop_key[0m
[ 75%] Built target turtle_teleop_key
[ 83%] [32m[1mLinking CXX executable draw_square[0m
[ 91%] [32m[1mLinking CXX executable mimic[0m
[ 91%] Built target mimic
[ 91%] Built target draw_square
[100%] [32m[1mLinking CXX executable turtlesim_node[0m
[100%] Built target turtlesim_node
-- Install configuration: ""
-- Installing: /home/james/ws_TaskPlanner/src/install/turtlesim/lib/turtlesim/turtlesim_node
-- Set runtime path of "/home/james/ws_TaskPlanner/src/install/turtlesim/lib/turtlesim/turtlesim_node" to ""
-- Installing: /home/james/ws_TaskPlanner/src/install/turtlesim/lib/turtlesim/turtle_teleop_key
-- Set runtime path of "/home/james/ws_TaskPlanner/src/install/turtlesim/lib/turtlesim/turtle_teleop_key" to ""
-- Installing: /home/james/ws_TaskPlanner/src/install/turtlesim/lib/turtlesim/draw_square
-- Set runtime path of "/home/james/ws_TaskPlanner/src/install/turtlesim/lib/turtlesim/draw_square" to ""
-- Installing: /home/james/ws_TaskPlanner/src/install/turtlesim/lib/turtlesim/mimic
-- Set runtime path of "/home/james/ws_TaskPlanner/src/install/turtlesim/lib/turtlesim/mimic" to ""
-- Installing: /home/james/ws_TaskPlanner/src/install/turtlesim/share/turtlesim/images
-- Installing: /home/james/ws_TaskPlanner/src/install/turtlesim/share/turtlesim/images/eloquent.png
-- Installing: /home/james/ws_TaskPlanner/src/install/turtlesim/share/turtlesim/images/iron.png
-- Installing: /home/james/ws_TaskPlanner/src/install/turtlesim/share/turtlesim/images/foxy.png
-- Installing: /home/james/ws_TaskPlanner/src/install/turtlesim/share/turtlesim/images/rolling.png
-- Installing: /home/james/ws_TaskPlanner/src/install/turtlesim/share/turtlesim/images/galactic.png
-- Installing: /home/james/ws_TaskPlanner/src/install/turtlesim/share/turtlesim/images/jazzy.png
-- Installing: /home/james/ws_TaskPlanner/src/install/turtlesim/share/turtlesim/images/bouncy.png
-- Installing: /home/james/ws_TaskPlanner/src/install/turtlesim/share/turtlesim/images/humble.png
-- Installing: /home/james/ws_TaskPlanner/src/install/turtlesim/share/turtlesim/images/dashing.png
-- Installing: /home/james/ws_TaskPlanner/src/install/turtlesim/share/turtlesim/images/crystal.png
-- Installing: /home/james/ws_TaskPlanner/src/install/turtlesim/share/turtlesim/images/ardent.png
-- Installing: /home/james/ws_TaskPlanner/src/install/turtlesim/share/turtlesim/launch
-- Installing: /home/james/ws_TaskPlanner/src/install/turtlesim/share/turtlesim/launch/multisim.launch.py
-- Installing: /home/james/ws_TaskPlanner/src/install/turtlesim/share/ament_index/resource_index/package_run_dependencies/turtlesim
-- Installing: /home/james/ws_TaskPlanner/src/install/turtlesim/share/ament_index/resource_index/parent_prefix_path/turtlesim
-- Installing: /home/james/ws_TaskPlanner/src/install/turtlesim/share/turtlesim/environment/ament_prefix_path.sh
-- Installing: /home/james/ws_TaskPlanner/src/install/turtlesim/share/turtlesim/environment/ament_prefix_path.dsv
-- Installing: /home/james/ws_TaskPlanner/src/install/turtlesim/share/turtlesim/environment/path.sh
-- Installing: /home/james/ws_TaskPlanner/src/install/turtlesim/share/turtlesim/environment/path.dsv
-- Installing: /home/james/ws_TaskPlanner/src/install/turtlesim/share/turtlesim/local_setup.bash
-- Installing: /home/james/ws_TaskPlanner/src/install/turtlesim/share/turtlesim/local_setup.sh
-- Installing: /home/james/ws_TaskPlanner/src/install/turtlesim/share/turtlesim/local_setup.zsh
-- Installing: /home/james/ws_TaskPlanner/src/install/turtlesim/share/turtlesim/local_setup.dsv
-- Installing: /home/james/ws_TaskPlanner/src/install/turtlesim/share/turtlesim/package.dsv
-- Installing: /home/james/ws_TaskPlanner/src/install/turtlesim/share/ament_index/resource_index/packages/turtlesim
-- Installing: /home/james/ws_TaskPlanner/src/install/turtlesim/share/turtlesim/cmake/turtlesimConfig.cmake
-- Installing: /home/james/ws_TaskPlanner/src/install/turtlesim/share/turtlesim/cmake/turtlesimConfig-version.cmake
-- Installing: /home/james/ws_TaskPlanner/src/install/turtlesim/share/turtlesim/package.xml
