[0.017s] Invoking command in '/home/james/ws_TaskPlanner/src/build/turtlesim': AMENT_PREFIX_PATH=/home/james/ws_TaskPlanner/src/install/turtlesim_msgs:${AMENT_PREFIX_PATH} CMAKE_PREFIX_PATH=/home/james/ws_TaskPlanner/src/install/turtlesim_msgs:/opt/ros/humble LD_LIBRARY_PATH=/home/james/ws_TaskPlanner/src/install/turtlesim_msgs/lib:${LD_LIBRARY_PATH} PYTHONPATH=/home/james/ws_TaskPlanner/src/install/turtlesim_msgs/local/lib/python3.10/dist-packages:${PYTHONPATH} /usr/bin/cmake /home/james/ws_TaskPlanner/src/ros_tutorials/turtlesim -DCMAKE_INSTALL_PREFIX=/home/james/ws_TaskPlanner/src/install/turtlesim
[0.059s] -- The C compiler identification is GNU 11.4.0
[0.102s] -- The CXX compiler identification is GNU 11.4.0
[0.108s] -- Detecting C compiler ABI info
[0.160s] -- Detecting C compiler ABI info - done
[0.167s] -- Check for working C compiler: /usr/bin/cc - skipped
[0.167s] -- Detecting C compile features
[0.167s] -- Detecting C compile features - done
[0.170s] -- Detecting CXX compiler ABI info
[0.230s] -- Detecting CXX compiler ABI info - done
[0.236s] -- Check for working CXX compiler: /usr/bin/c++ - skipped
[0.237s] -- Detecting CXX compile features
[0.237s] -- Detecting CXX compile features - done
[0.239s] -- Found ament_cmake: 1.3.11 (/opt/ros/humble/share/ament_cmake/cmake)
[0.583s] -- Found Python3: /usr/bin/python3 (found version "3.10.12") found components: Interpreter 
[0.655s] -- Found ament_index_cpp: 1.4.0 (/opt/ros/humble/share/ament_index_cpp/cmake)
[0.657s] -- Found geometry_msgs: 4.2.4 (/opt/ros/humble/share/geometry_msgs/cmake)
[0.687s] -- Found rosidl_generator_c: 3.1.6 (/opt/ros/humble/share/rosidl_generator_c/cmake)
[0.690s] -- Found rosidl_adapter: 3.1.6 (/opt/ros/humble/share/rosidl_adapter/cmake)
[0.697s] -- Found rosidl_generator_cpp: 3.1.6 (/opt/ros/humble/share/rosidl_generator_cpp/cmake)
[0.707s] -- Using all available rosidl_typesupport_c: rosidl_typesupport_fastrtps_c;rosidl_typesupport_introspection_c
[0.721s] -- Using all available rosidl_typesupport_cpp: rosidl_typesupport_fastrtps_cpp;rosidl_typesupport_introspection_cpp
[0.812s] -- Found rclcpp: 16.0.11 (/opt/ros/humble/share/rclcpp/cmake)
[0.843s] -- Found rmw_implementation_cmake: 6.1.2 (/opt/ros/humble/share/rmw_implementation_cmake/cmake)
[0.845s] -- Found rmw_fastrtps_cpp: 6.2.7 (/opt/ros/humble/share/rmw_fastrtps_cpp/cmake)
[0.935s] -- Found OpenSSL: /usr/lib/x86_64-linux-gnu/libcrypto.so (found version "3.0.2")  
[0.958s] -- Found FastRTPS: /opt/ros/humble/include  
[0.993s] -- Using RMW implementation 'rmw_fastrtps_cpp' as default
[1.048s] -- Looking for pthread.h
[1.103s] -- Looking for pthread.h - found
[1.103s] -- Performing Test CMAKE_HAVE_LIBC_PTHREAD
[1.158s] -- Performing Test CMAKE_HAVE_LIBC_PTHREAD - Success
[1.159s] -- Found Threads: TRUE  
[1.210s] -- Found rclcpp_action: 16.0.11 (/opt/ros/humble/share/rclcpp_action/cmake)
[1.241s] -- Found std_srvs: 4.2.4 (/opt/ros/humble/share/std_srvs/cmake)
[1.250s] -- Found turtlesim_msgs: 1.9.2 (/home/james/ws_TaskPlanner/src/install/turtlesim_msgs/share/turtlesim_msgs/cmake)
[1.265s] -- Found ament_lint_auto: 0.12.11 (/opt/ros/humble/share/ament_lint_auto/cmake)
[1.351s] -- Added test 'copyright' to check source files copyright and LICENSE
[1.352s] -- Added test 'cppcheck' to perform static code analysis on C / C++ code
[1.353s] -- Configured cppcheck include dirs: /home/james/ws_TaskPlanner/src/ros_tutorials/turtlesim/include
[1.353s] -- Configured cppcheck exclude dirs and/or files: 
[1.354s] -- Added test 'cpplint' to check C / C++ code against the Google style
[1.354s] -- Configured cpplint exclude dirs and/or files: 
[1.355s] -- Added test 'flake8' to check Python code syntax and style conventions
[1.356s] -- Added test 'lint_cmake' to check CMake code style
[1.356s] -- Added test 'pep257' to check Python code against some of the docstring style conventions in PEP 257
[1.357s] -- Added test 'uncrustify' to check C / C++ code style
[1.358s] -- Configured uncrustify additional arguments: 
[1.358s] -- Added test 'xmllint' to check XML markup files
[1.359s] -- Configuring done
[1.391s] -- Generating done
[1.399s] -- Build files have been written to: /home/james/ws_TaskPlanner/src/build/turtlesim
[1.408s] Invoked command in '/home/james/ws_TaskPlanner/src/build/turtlesim' returned '0': AMENT_PREFIX_PATH=/home/james/ws_TaskPlanner/src/install/turtlesim_msgs:${AMENT_PREFIX_PATH} CMAKE_PREFIX_PATH=/home/james/ws_TaskPlanner/src/install/turtlesim_msgs:/opt/ros/humble LD_LIBRARY_PATH=/home/james/ws_TaskPlanner/src/install/turtlesim_msgs/lib:${LD_LIBRARY_PATH} PYTHONPATH=/home/james/ws_TaskPlanner/src/install/turtlesim_msgs/local/lib/python3.10/dist-packages:${PYTHONPATH} /usr/bin/cmake /home/james/ws_TaskPlanner/src/ros_tutorials/turtlesim -DCMAKE_INSTALL_PREFIX=/home/james/ws_TaskPlanner/src/install/turtlesim
[1.410s] Invoking command in '/home/james/ws_TaskPlanner/src/build/turtlesim': AMENT_PREFIX_PATH=/home/james/ws_TaskPlanner/src/install/turtlesim_msgs:${AMENT_PREFIX_PATH} CMAKE_PREFIX_PATH=/home/james/ws_TaskPlanner/src/install/turtlesim_msgs:/opt/ros/humble LD_LIBRARY_PATH=/home/james/ws_TaskPlanner/src/install/turtlesim_msgs/lib:${LD_LIBRARY_PATH} PYTHONPATH=/home/james/ws_TaskPlanner/src/install/turtlesim_msgs/local/lib/python3.10/dist-packages:${PYTHONPATH} /usr/bin/cmake --build /home/james/ws_TaskPlanner/src/build/turtlesim -- -j8 -l8
[1.440s] [  8%] [34m[1mGenerating include/turtlesim/moc_turtle_frame.cpp[0m
[1.448s] [ 16%] [32mBuilding CXX object CMakeFiles/draw_square.dir/tutorials/draw_square.cpp.o[0m
[1.450s] [ 25%] [32mBuilding CXX object CMakeFiles/turtle_teleop_key.dir/tutorials/teleop_turtle_key.cpp.o[0m
[1.450s] [ 33%] [32mBuilding CXX object CMakeFiles/mimic.dir/tutorials/mimic.cpp.o[0m
[1.501s] [ 66%] [32mBuilding CXX object CMakeFiles/turtlesim_node.dir/src/turtlesim.cpp.o[0m
[1.502s] [ 66%] [32mBuilding CXX object CMakeFiles/turtlesim_node.dir/include/turtlesim/moc_turtle_frame.cpp.o[0m
[1.502s] [ 66%] [32mBuilding CXX object CMakeFiles/turtlesim_node.dir/src/turtle_frame.cpp.o[0m
[1.502s] [ 66%] [32mBuilding CXX object CMakeFiles/turtlesim_node.dir/src/turtle.cpp.o[0m
[9.315s] [ 75%] [32m[1mLinking CXX executable turtle_teleop_key[0m
[9.744s] [ 75%] Built target turtle_teleop_key
[13.210s] [ 83%] [32m[1mLinking CXX executable draw_square[0m
[13.307s] [ 91%] [32m[1mLinking CXX executable mimic[0m
[13.807s] [ 91%] Built target mimic
[13.807s] [ 91%] Built target draw_square
[16.511s] [100%] [32m[1mLinking CXX executable turtlesim_node[0m
[18.805s] [100%] Built target turtlesim_node
[18.813s] Invoked command in '/home/james/ws_TaskPlanner/src/build/turtlesim' returned '0': AMENT_PREFIX_PATH=/home/james/ws_TaskPlanner/src/install/turtlesim_msgs:${AMENT_PREFIX_PATH} CMAKE_PREFIX_PATH=/home/james/ws_TaskPlanner/src/install/turtlesim_msgs:/opt/ros/humble LD_LIBRARY_PATH=/home/james/ws_TaskPlanner/src/install/turtlesim_msgs/lib:${LD_LIBRARY_PATH} PYTHONPATH=/home/james/ws_TaskPlanner/src/install/turtlesim_msgs/local/lib/python3.10/dist-packages:${PYTHONPATH} /usr/bin/cmake --build /home/james/ws_TaskPlanner/src/build/turtlesim -- -j8 -l8
[18.815s] Invoking command in '/home/james/ws_TaskPlanner/src/build/turtlesim': AMENT_PREFIX_PATH=/home/james/ws_TaskPlanner/src/install/turtlesim_msgs:${AMENT_PREFIX_PATH} CMAKE_PREFIX_PATH=/home/james/ws_TaskPlanner/src/install/turtlesim_msgs:/opt/ros/humble LD_LIBRARY_PATH=/home/james/ws_TaskPlanner/src/install/turtlesim_msgs/lib:${LD_LIBRARY_PATH} PYTHONPATH=/home/james/ws_TaskPlanner/src/install/turtlesim_msgs/local/lib/python3.10/dist-packages:${PYTHONPATH} /usr/bin/cmake --install /home/james/ws_TaskPlanner/src/build/turtlesim
[18.821s] -- Install configuration: ""
[18.821s] -- Installing: /home/james/ws_TaskPlanner/src/install/turtlesim/lib/turtlesim/turtlesim_node
[18.827s] -- Set runtime path of "/home/james/ws_TaskPlanner/src/install/turtlesim/lib/turtlesim/turtlesim_node" to ""
[18.827s] -- Installing: /home/james/ws_TaskPlanner/src/install/turtlesim/lib/turtlesim/turtle_teleop_key
[18.829s] -- Set runtime path of "/home/james/ws_TaskPlanner/src/install/turtlesim/lib/turtlesim/turtle_teleop_key" to ""
[18.829s] -- Installing: /home/james/ws_TaskPlanner/src/install/turtlesim/lib/turtlesim/draw_square
[18.832s] -- Set runtime path of "/home/james/ws_TaskPlanner/src/install/turtlesim/lib/turtlesim/draw_square" to ""
[18.832s] -- Installing: /home/james/ws_TaskPlanner/src/install/turtlesim/lib/turtlesim/mimic
[18.835s] -- Set runtime path of "/home/james/ws_TaskPlanner/src/install/turtlesim/lib/turtlesim/mimic" to ""
[18.835s] -- Installing: /home/james/ws_TaskPlanner/src/install/turtlesim/share/turtlesim/images
[18.835s] -- Installing: /home/james/ws_TaskPlanner/src/install/turtlesim/share/turtlesim/images/eloquent.png
[18.836s] -- Installing: /home/james/ws_TaskPlanner/src/install/turtlesim/share/turtlesim/images/iron.png
[18.836s] -- Installing: /home/james/ws_TaskPlanner/src/install/turtlesim/share/turtlesim/images/foxy.png
[18.836s] -- Installing: /home/james/ws_TaskPlanner/src/install/turtlesim/share/turtlesim/images/rolling.png
[18.836s] -- Installing: /home/james/ws_TaskPlanner/src/install/turtlesim/share/turtlesim/images/galactic.png
[18.836s] -- Installing: /home/james/ws_TaskPlanner/src/install/turtlesim/share/turtlesim/images/jazzy.png
[18.836s] -- Installing: /home/james/ws_TaskPlanner/src/install/turtlesim/share/turtlesim/images/bouncy.png
[18.836s] -- Installing: /home/james/ws_TaskPlanner/src/install/turtlesim/share/turtlesim/images/humble.png
[18.836s] -- Installing: /home/james/ws_TaskPlanner/src/install/turtlesim/share/turtlesim/images/dashing.png
[18.836s] -- Installing: /home/james/ws_TaskPlanner/src/install/turtlesim/share/turtlesim/images/crystal.png
[18.836s] -- Installing: /home/james/ws_TaskPlanner/src/install/turtlesim/share/turtlesim/images/ardent.png
[18.836s] -- Installing: /home/james/ws_TaskPlanner/src/install/turtlesim/share/turtlesim/launch
[18.836s] -- Installing: /home/james/ws_TaskPlanner/src/install/turtlesim/share/turtlesim/launch/multisim.launch.py
[18.836s] -- Installing: /home/james/ws_TaskPlanner/src/install/turtlesim/share/ament_index/resource_index/package_run_dependencies/turtlesim
[18.836s] -- Installing: /home/james/ws_TaskPlanner/src/install/turtlesim/share/ament_index/resource_index/parent_prefix_path/turtlesim
[18.837s] -- Installing: /home/james/ws_TaskPlanner/src/install/turtlesim/share/turtlesim/environment/ament_prefix_path.sh
[18.837s] -- Installing: /home/james/ws_TaskPlanner/src/install/turtlesim/share/turtlesim/environment/ament_prefix_path.dsv
[18.837s] -- Installing: /home/james/ws_TaskPlanner/src/install/turtlesim/share/turtlesim/environment/path.sh
[18.837s] -- Installing: /home/james/ws_TaskPlanner/src/install/turtlesim/share/turtlesim/environment/path.dsv
[18.837s] -- Installing: /home/james/ws_TaskPlanner/src/install/turtlesim/share/turtlesim/local_setup.bash
[18.837s] -- Installing: /home/james/ws_TaskPlanner/src/install/turtlesim/share/turtlesim/local_setup.sh
[18.837s] -- Installing: /home/james/ws_TaskPlanner/src/install/turtlesim/share/turtlesim/local_setup.zsh
[18.838s] -- Installing: /home/james/ws_TaskPlanner/src/install/turtlesim/share/turtlesim/local_setup.dsv
[18.838s] -- Installing: /home/james/ws_TaskPlanner/src/install/turtlesim/share/turtlesim/package.dsv
[18.838s] -- Installing: /home/james/ws_TaskPlanner/src/install/turtlesim/share/ament_index/resource_index/packages/turtlesim
[18.838s] -- Installing: /home/james/ws_TaskPlanner/src/install/turtlesim/share/turtlesim/cmake/turtlesimConfig.cmake
[18.838s] -- Installing: /home/james/ws_TaskPlanner/src/install/turtlesim/share/turtlesim/cmake/turtlesimConfig-version.cmake
[18.838s] -- Installing: /home/james/ws_TaskPlanner/src/install/turtlesim/share/turtlesim/package.xml
[18.840s] Invoked command in '/home/james/ws_TaskPlanner/src/build/turtlesim' returned '0': AMENT_PREFIX_PATH=/home/james/ws_TaskPlanner/src/install/turtlesim_msgs:${AMENT_PREFIX_PATH} CMAKE_PREFIX_PATH=/home/james/ws_TaskPlanner/src/install/turtlesim_msgs:/opt/ros/humble LD_LIBRARY_PATH=/home/james/ws_TaskPlanner/src/install/turtlesim_msgs/lib:${LD_LIBRARY_PATH} PYTHONPATH=/home/james/ws_TaskPlanner/src/install/turtlesim_msgs/local/lib/python3.10/dist-packages:${PYTHONPATH} /usr/bin/cmake --install /home/james/ws_TaskPlanner/src/build/turtlesim
