[0.029s] Invoking command in '/home/james/ws_TaskPlanner/src/build/turtlesim_msgs': CMAKE_PREFIX_PATH=/opt/ros/humble /usr/bin/cmake /home/james/ws_TaskPlanner/src/ros_tutorials/turtlesim_msgs -DCMAKE_INSTALL_PREFIX=/home/james/ws_TaskPlanner/src/install/turtlesim_msgs
[1.095s] -- The C compiler identification is GNU 11.4.0
[1.823s] -- The CXX compiler identification is GNU 11.4.0
[1.866s] -- Detecting C compiler ABI info
[2.033s] -- Detecting C compiler ABI info - done
[2.040s] -- Check for working C compiler: /usr/bin/cc - skipped
[2.041s] -- Detecting C compile features
[2.060s] -- Detecting C compile features - done
[2.064s] -- Detecting CXX compiler ABI info
[2.174s] -- Detecting CXX compiler ABI info - done
[2.181s] -- Check for working CXX compiler: /usr/bin/c++ - skipped
[2.181s] -- Detecting CXX compile features
[2.182s] -- Detecting CXX compile features - done
[2.184s] -- Found ament_cmake: 1.3.11 (/opt/ros/humble/share/ament_cmake/cmake)
[2.605s] -- Found Python3: /usr/bin/python3 (found version "3.10.12") found components: Interpreter 
[2.694s] -- Found builtin_interfaces: 1.2.1 (/opt/ros/humble/share/builtin_interfaces/cmake)
[2.720s] -- Found rosidl_generator_c: 3.1.6 (/opt/ros/humble/share/rosidl_generator_c/cmake)
[2.723s] -- Found rosidl_adapter: 3.1.6 (/opt/ros/humble/share/rosidl_adapter/cmake)
[2.730s] -- Found rosidl_generator_cpp: 3.1.6 (/opt/ros/humble/share/rosidl_generator_cpp/cmake)
[2.740s] -- Using all available rosidl_typesupport_c: rosidl_typesupport_fastrtps_c;rosidl_typesupport_introspection_c
[2.754s] -- Using all available rosidl_typesupport_cpp: rosidl_typesupport_fastrtps_cpp;rosidl_typesupport_introspection_cpp
[2.766s] -- Found rosidl_default_generators: 1.2.0 (/opt/ros/humble/share/rosidl_default_generators/cmake)
[3.118s] -- Found ament_cmake_cppcheck: 0.12.11 (/opt/ros/humble/share/ament_cmake_cppcheck/cmake)
[3.120s] -- Found ament_cmake_cpplint: 0.12.11 (/opt/ros/humble/share/ament_cmake_cpplint/cmake)
[3.121s] -- Found ament_cmake_uncrustify: 0.12.11 (/opt/ros/humble/share/ament_cmake_uncrustify/cmake)
[3.123s] -- Found ament_cmake_ros: 0.10.0 (/opt/ros/humble/share/ament_cmake_ros/cmake)
[3.477s] -- Using all available rosidl_typesupport_c: rosidl_typesupport_fastrtps_c;rosidl_typesupport_introspection_c
[3.609s] -- Using all available rosidl_typesupport_cpp: rosidl_typesupport_fastrtps_cpp;rosidl_typesupport_introspection_cpp
[3.638s] -- Found PythonInterp: /usr/bin/python3 (found suitable version "3.10.12", minimum required is "3.6") 
[3.639s] -- Found python_cmake_module: 0.10.0 (/opt/ros/humble/share/python_cmake_module/cmake)
[3.731s] -- Found PythonLibs: /usr/lib/x86_64-linux-gnu/libpython3.10.so (found suitable version "3.10.12", minimum required is "3.5") 
[3.731s] -- Using PYTHON_EXECUTABLE: /usr/bin/python3
[3.731s] -- Using PYTHON_INCLUDE_DIRS: /usr/include/python3.10
[3.731s] -- Using PYTHON_LIBRARIES: /usr/lib/x86_64-linux-gnu/libpython3.10.so
[3.756s] -- Found PythonExtra: .so  
[3.799s] -- Found ament_cmake_flake8: 0.12.11 (/opt/ros/humble/share/ament_cmake_flake8/cmake)
[3.801s] -- Found ament_cmake_pep257: 0.12.11 (/opt/ros/humble/share/ament_cmake_pep257/cmake)
[3.810s] -- Configuring done
[3.853s] -- Generating done
[3.865s] -- Build files have been written to: /home/james/ws_TaskPlanner/src/build/turtlesim_msgs
[3.873s] Invoked command in '/home/james/ws_TaskPlanner/src/build/turtlesim_msgs' returned '0': CMAKE_PREFIX_PATH=/opt/ros/humble /usr/bin/cmake /home/james/ws_TaskPlanner/src/ros_tutorials/turtlesim_msgs -DCMAKE_INSTALL_PREFIX=/home/james/ws_TaskPlanner/src/install/turtlesim_msgs
[3.875s] Invoking command in '/home/james/ws_TaskPlanner/src/build/turtlesim_msgs': CMAKE_PREFIX_PATH=/opt/ros/humble /usr/bin/cmake --build /home/james/ws_TaskPlanner/src/build/turtlesim_msgs -- -j8 -l8
[3.905s] [  1%] [34m[1mGenerating C code for ROS interfaces[0m
[3.913s] [  2%] [34m[1mGenerating C++ code for ROS interfaces[0m
[3.919s] [  2%] Built target ament_cmake_python_copy_turtlesim_msgs
[4.474s] running egg_info
[4.500s] creating turtlesim_msgs.egg-info
[4.500s] writing turtlesim_msgs.egg-info/PKG-INFO
[4.500s] writing dependency_links to turtlesim_msgs.egg-info/dependency_links.txt
[4.501s] writing top-level names to turtlesim_msgs.egg-info/top_level.txt
[4.501s] writing manifest file 'turtlesim_msgs.egg-info/SOURCES.txt'
[4.636s] reading manifest file 'turtlesim_msgs.egg-info/SOURCES.txt'
[4.637s] writing manifest file 'turtlesim_msgs.egg-info/SOURCES.txt'
[4.676s] [  2%] Built target ament_cmake_python_build_turtlesim_msgs_egg
[4.859s] [  2%] Built target turtlesim_msgs__cpp
[4.868s] [  5%] [34m[1mGenerating C++ introspection for ROS interfaces[0m
[4.868s] [  5%] [34m[1mGenerating C++ type support for eProsima Fast-RTPS[0m
[4.868s] [  5%] [34m[1mGenerating C++ type support dispatch for ROS interfaces[0m
[4.955s] [  9%] [32mBuilding C object CMakeFiles/turtlesim_msgs__rosidl_generator_c.dir/rosidl_generator_c/turtlesim_msgs/srv/detail/set_pen__functions.c.o[0m
[4.955s] [  9%] [32mBuilding C object CMakeFiles/turtlesim_msgs__rosidl_generator_c.dir/rosidl_generator_c/turtlesim_msgs/srv/detail/kill__functions.c.o[0m
[4.955s] [ 10%] [32mBuilding C object CMakeFiles/turtlesim_msgs__rosidl_generator_c.dir/rosidl_generator_c/turtlesim_msgs/msg/detail/color__functions.c.o[0m
[4.956s] [ 10%] [32mBuilding C object CMakeFiles/turtlesim_msgs__rosidl_generator_c.dir/rosidl_generator_c/turtlesim_msgs/msg/detail/pose__functions.c.o[0m
[4.958s] [ 11%] [32mBuilding C object CMakeFiles/turtlesim_msgs__rosidl_generator_c.dir/rosidl_generator_c/turtlesim_msgs/action/detail/rotate_absolute__functions.c.o[0m
[5.134s] [ 12%] [32mBuilding C object CMakeFiles/turtlesim_msgs__rosidl_generator_c.dir/rosidl_generator_c/turtlesim_msgs/srv/detail/spawn__functions.c.o[0m
[5.142s] [ 13%] [32mBuilding C object CMakeFiles/turtlesim_msgs__rosidl_generator_c.dir/rosidl_generator_c/turtlesim_msgs/srv/detail/teleport_absolute__functions.c.o[0m
[5.146s] [ 14%] [32mBuilding C object CMakeFiles/turtlesim_msgs__rosidl_generator_c.dir/rosidl_generator_c/turtlesim_msgs/srv/detail/teleport_relative__functions.c.o[0m
[5.246s] [ 16%] [32m[1mLinking C shared library libturtlesim_msgs__rosidl_generator_c.so[0m
[5.277s] [ 16%] Built target turtlesim_msgs__rosidl_generator_c
[5.286s] [ 17%] [34m[1mGenerating C type support dispatch for ROS interfaces[0m
[5.288s] [ 19%] [34m[1mGenerating C type support for eProsima Fast-RTPS[0m
[5.288s] [ 19%] [34m[1mGenerating C introspection for ROS interfaces[0m
[5.618s] [ 20%] [32mBuilding CXX object CMakeFiles/turtlesim_msgs__rosidl_typesupport_introspection_cpp.dir/rosidl_typesupport_introspection_cpp/turtlesim_msgs/msg/detail/color__type_support.cpp.o[0m
[5.632s] [ 21%] [32mBuilding CXX object CMakeFiles/turtlesim_msgs__rosidl_typesupport_introspection_cpp.dir/rosidl_typesupport_introspection_cpp/turtlesim_msgs/msg/detail/pose__type_support.cpp.o[0m
[5.645s] [ 22%] [32mBuilding CXX object CMakeFiles/turtlesim_msgs__rosidl_typesupport_introspection_cpp.dir/rosidl_typesupport_introspection_cpp/turtlesim_msgs/action/detail/rotate_absolute__type_support.cpp.o[0m
[5.660s] [ 24%] [32mBuilding CXX object CMakeFiles/turtlesim_msgs__rosidl_typesupport_cpp.dir/rosidl_typesupport_cpp/turtlesim_msgs/msg/color__type_support.cpp.o[0m
[5.887s] [ 25%] [32mBuilding CXX object CMakeFiles/turtlesim_msgs__rosidl_typesupport_fastrtps_cpp.dir/rosidl_typesupport_fastrtps_cpp/turtlesim_msgs/msg/detail/dds_fastrtps/color__type_support.cpp.o[0m
[6.149s] [ 26%] [32mBuilding CXX object CMakeFiles/turtlesim_msgs__rosidl_typesupport_c.dir/rosidl_typesupport_c/turtlesim_msgs/msg/color__type_support.cpp.o[0m
[6.257s] [ 27%] [32mBuilding C object CMakeFiles/turtlesim_msgs__rosidl_typesupport_introspection_c.dir/rosidl_typesupport_introspection_c/turtlesim_msgs/msg/detail/color__type_support.c.o[0m
[6.293s] [ 28%] [32mBuilding C object CMakeFiles/turtlesim_msgs__rosidl_typesupport_introspection_c.dir/rosidl_typesupport_introspection_c/turtlesim_msgs/msg/detail/pose__type_support.c.o[0m
[6.324s] [ 29%] [32mBuilding C object CMakeFiles/turtlesim_msgs__rosidl_typesupport_introspection_c.dir/rosidl_typesupport_introspection_c/turtlesim_msgs/action/detail/rotate_absolute__type_support.c.o[0m
[6.348s] [ 31%] [32mBuilding CXX object CMakeFiles/turtlesim_msgs__rosidl_typesupport_c.dir/rosidl_typesupport_c/turtlesim_msgs/msg/pose__type_support.cpp.o[0m
[6.366s] [ 32%] [32mBuilding C object CMakeFiles/turtlesim_msgs__rosidl_typesupport_introspection_c.dir/rosidl_typesupport_introspection_c/turtlesim_msgs/srv/detail/kill__type_support.c.o[0m
[6.381s] [ 33%] [32mBuilding CXX object CMakeFiles/turtlesim_msgs__rosidl_typesupport_c.dir/rosidl_typesupport_c/turtlesim_msgs/action/rotate_absolute__type_support.cpp.o[0m
[6.398s] [ 34%] [32mBuilding C object CMakeFiles/turtlesim_msgs__rosidl_typesupport_introspection_c.dir/rosidl_typesupport_introspection_c/turtlesim_msgs/srv/detail/set_pen__type_support.c.o[0m
[6.425s] [ 35%] [32mBuilding CXX object CMakeFiles/turtlesim_msgs__rosidl_typesupport_c.dir/rosidl_typesupport_c/turtlesim_msgs/srv/kill__type_support.cpp.o[0m
[6.428s] [ 36%] [32mBuilding C object CMakeFiles/turtlesim_msgs__rosidl_typesupport_introspection_c.dir/rosidl_typesupport_introspection_c/turtlesim_msgs/srv/detail/spawn__type_support.c.o[0m
[6.454s] [ 37%] [32mBuilding CXX object CMakeFiles/turtlesim_msgs__rosidl_typesupport_c.dir/rosidl_typesupport_c/turtlesim_msgs/srv/set_pen__type_support.cpp.o[0m
[6.475s] [ 39%] [32mBuilding CXX object CMakeFiles/turtlesim_msgs__rosidl_typesupport_fastrtps_c.dir/rosidl_typesupport_fastrtps_c/turtlesim_msgs/msg/detail/color__type_support_c.cpp.o[0m
[6.476s] [ 40%] [32mBuilding C object CMakeFiles/turtlesim_msgs__rosidl_typesupport_introspection_c.dir/rosidl_typesupport_introspection_c/turtlesim_msgs/srv/detail/teleport_absolute__type_support.c.o[0m
[6.483s] [ 41%] [32mBuilding CXX object CMakeFiles/turtlesim_msgs__rosidl_typesupport_c.dir/rosidl_typesupport_c/turtlesim_msgs/srv/spawn__type_support.cpp.o[0m
[6.507s] [ 42%] [32mBuilding C object CMakeFiles/turtlesim_msgs__rosidl_typesupport_introspection_c.dir/rosidl_typesupport_introspection_c/turtlesim_msgs/srv/detail/teleport_relative__type_support.c.o[0m
[6.509s] [ 43%] [32mBuilding CXX object CMakeFiles/turtlesim_msgs__rosidl_typesupport_c.dir/rosidl_typesupport_c/turtlesim_msgs/srv/teleport_absolute__type_support.cpp.o[0m
[6.536s] [ 44%] [32mBuilding CXX object CMakeFiles/turtlesim_msgs__rosidl_typesupport_c.dir/rosidl_typesupport_c/turtlesim_msgs/srv/teleport_relative__type_support.cpp.o[0m
[6.539s] [ 45%] [32m[1mLinking C shared library libturtlesim_msgs__rosidl_typesupport_introspection_c.so[0m
[6.569s] [ 45%] Built target turtlesim_msgs__rosidl_typesupport_introspection_c
[6.572s] [ 47%] [32m[1mLinking CXX shared library libturtlesim_msgs__rosidl_typesupport_c.so[0m
[6.578s] [ 48%] [32mBuilding CXX object CMakeFiles/turtlesim_msgs__rosidl_typesupport_fastrtps_cpp.dir/rosidl_typesupport_fastrtps_cpp/turtlesim_msgs/msg/detail/dds_fastrtps/pose__type_support.cpp.o[0m
[6.625s] [ 48%] Built target turtlesim_msgs__rosidl_typesupport_c
[6.645s] [ 49%] [32mBuilding CXX object CMakeFiles/turtlesim_msgs__rosidl_typesupport_fastrtps_cpp.dir/rosidl_typesupport_fastrtps_cpp/turtlesim_msgs/action/detail/dds_fastrtps/rotate_absolute__type_support.cpp.o[0m
[6.800s] [ 50%] [32mBuilding CXX object CMakeFiles/turtlesim_msgs__rosidl_typesupport_cpp.dir/rosidl_typesupport_cpp/turtlesim_msgs/msg/pose__type_support.cpp.o[0m
[6.992s] [ 51%] [32mBuilding CXX object CMakeFiles/turtlesim_msgs__rosidl_typesupport_fastrtps_c.dir/rosidl_typesupport_fastrtps_c/turtlesim_msgs/msg/detail/pose__type_support_c.cpp.o[0m
[7.009s] [ 52%] [32mBuilding CXX object CMakeFiles/turtlesim_msgs__rosidl_typesupport_introspection_cpp.dir/rosidl_typesupport_introspection_cpp/turtlesim_msgs/srv/detail/kill__type_support.cpp.o[0m
[7.062s] [ 54%] [32mBuilding CXX object CMakeFiles/turtlesim_msgs__rosidl_typesupport_introspection_cpp.dir/rosidl_typesupport_introspection_cpp/turtlesim_msgs/srv/detail/set_pen__type_support.cpp.o[0m
[7.066s] [ 55%] [32mBuilding CXX object CMakeFiles/turtlesim_msgs__rosidl_typesupport_fastrtps_cpp.dir/rosidl_typesupport_fastrtps_cpp/turtlesim_msgs/srv/detail/dds_fastrtps/kill__type_support.cpp.o[0m
[7.177s] [ 56%] [32mBuilding CXX object CMakeFiles/turtlesim_msgs__rosidl_typesupport_fastrtps_cpp.dir/rosidl_typesupport_fastrtps_cpp/turtlesim_msgs/srv/detail/dds_fastrtps/set_pen__type_support.cpp.o[0m
[7.210s] [ 57%] [32mBuilding CXX object CMakeFiles/turtlesim_msgs__rosidl_typesupport_cpp.dir/rosidl_typesupport_cpp/turtlesim_msgs/action/rotate_absolute__type_support.cpp.o[0m
[7.394s] [ 58%] [32mBuilding CXX object CMakeFiles/turtlesim_msgs__rosidl_typesupport_introspection_cpp.dir/rosidl_typesupport_introspection_cpp/turtlesim_msgs/srv/detail/spawn__type_support.cpp.o[0m
[7.497s] [ 59%] [32mBuilding CXX object CMakeFiles/turtlesim_msgs__rosidl_typesupport_fastrtps_c.dir/rosidl_typesupport_fastrtps_c/turtlesim_msgs/action/detail/rotate_absolute__type_support_c.cpp.o[0m
[7.583s] [ 60%] [32mBuilding CXX object CMakeFiles/turtlesim_msgs__rosidl_typesupport_fastrtps_cpp.dir/rosidl_typesupport_fastrtps_cpp/turtlesim_msgs/srv/detail/dds_fastrtps/spawn__type_support.cpp.o[0m
[7.617s] [ 62%] [32mBuilding CXX object CMakeFiles/turtlesim_msgs__rosidl_typesupport_introspection_cpp.dir/rosidl_typesupport_introspection_cpp/turtlesim_msgs/srv/detail/teleport_absolute__type_support.cpp.o[0m
[7.622s] [ 63%] [32mBuilding CXX object CMakeFiles/turtlesim_msgs__rosidl_typesupport_introspection_cpp.dir/rosidl_typesupport_introspection_cpp/turtlesim_msgs/srv/detail/teleport_relative__type_support.cpp.o[0m
[7.688s] [ 64%] [32mBuilding CXX object CMakeFiles/turtlesim_msgs__rosidl_typesupport_fastrtps_cpp.dir/rosidl_typesupport_fastrtps_cpp/turtlesim_msgs/srv/detail/dds_fastrtps/teleport_absolute__type_support.cpp.o[0m
[7.813s] [ 65%] [32mBuilding CXX object CMakeFiles/turtlesim_msgs__rosidl_typesupport_fastrtps_cpp.dir/rosidl_typesupport_fastrtps_cpp/turtlesim_msgs/srv/detail/dds_fastrtps/teleport_relative__type_support.cpp.o[0m
[7.934s] [ 66%] [32mBuilding CXX object CMakeFiles/turtlesim_msgs__rosidl_typesupport_cpp.dir/rosidl_typesupport_cpp/turtlesim_msgs/srv/kill__type_support.cpp.o[0m
[8.003s] [ 67%] [32mBuilding CXX object CMakeFiles/turtlesim_msgs__rosidl_typesupport_cpp.dir/rosidl_typesupport_cpp/turtlesim_msgs/srv/set_pen__type_support.cpp.o[0m
[8.098s] [ 68%] [32mBuilding CXX object CMakeFiles/turtlesim_msgs__rosidl_typesupport_fastrtps_c.dir/rosidl_typesupport_fastrtps_c/turtlesim_msgs/srv/detail/kill__type_support_c.cpp.o[0m
[8.187s] [ 70%] [32mBuilding CXX object CMakeFiles/turtlesim_msgs__rosidl_typesupport_fastrtps_c.dir/rosidl_typesupport_fastrtps_c/turtlesim_msgs/srv/detail/set_pen__type_support_c.cpp.o[0m
[8.212s] [ 71%] [32m[1mLinking CXX shared library libturtlesim_msgs__rosidl_typesupport_introspection_cpp.so[0m
[8.243s] [ 72%] [32mBuilding CXX object CMakeFiles/turtlesim_msgs__rosidl_typesupport_fastrtps_c.dir/rosidl_typesupport_fastrtps_c/turtlesim_msgs/srv/detail/spawn__type_support_c.cpp.o[0m
[8.334s] [ 73%] [32mBuilding CXX object CMakeFiles/turtlesim_msgs__rosidl_typesupport_fastrtps_c.dir/rosidl_typesupport_fastrtps_c/turtlesim_msgs/srv/detail/teleport_absolute__type_support_c.cpp.o[0m
[8.361s] [ 74%] [32mBuilding CXX object CMakeFiles/turtlesim_msgs__rosidl_typesupport_cpp.dir/rosidl_typesupport_cpp/turtlesim_msgs/srv/spawn__type_support.cpp.o[0m
[8.401s] [ 74%] Built target turtlesim_msgs__rosidl_typesupport_introspection_cpp
[8.411s] [ 75%] [32mBuilding CXX object CMakeFiles/turtlesim_msgs__rosidl_typesupport_cpp.dir/rosidl_typesupport_cpp/turtlesim_msgs/srv/teleport_absolute__type_support.cpp.o[0m
[8.424s] [ 77%] [32mBuilding CXX object CMakeFiles/turtlesim_msgs__rosidl_typesupport_cpp.dir/rosidl_typesupport_cpp/turtlesim_msgs/srv/teleport_relative__type_support.cpp.o[0m
[8.435s] [ 78%] [32m[1mLinking CXX shared library libturtlesim_msgs__rosidl_typesupport_fastrtps_cpp.so[0m
[8.559s] [ 78%] Built target turtlesim_msgs__rosidl_typesupport_fastrtps_cpp
[8.569s] [ 79%] [32mBuilding CXX object CMakeFiles/turtlesim_msgs__rosidl_typesupport_fastrtps_c.dir/rosidl_typesupport_fastrtps_c/turtlesim_msgs/srv/detail/teleport_relative__type_support_c.cpp.o[0m
[8.879s] [ 80%] [32m[1mLinking CXX shared library libturtlesim_msgs__rosidl_typesupport_cpp.so[0m
[8.913s] [ 80%] Built target turtlesim_msgs__rosidl_typesupport_cpp
[8.973s] [ 81%] [32m[1mLinking CXX shared library libturtlesim_msgs__rosidl_typesupport_fastrtps_c.so[0m
[9.038s] [ 81%] Built target turtlesim_msgs__rosidl_typesupport_fastrtps_c
[9.052s] [ 81%] Built target turtlesim_msgs
[9.067s] [ 82%] [34m[1mGenerating Python code for ROS interfaces[0m
[10.608s] [ 82%] Built target turtlesim_msgs__py
[10.626s] [ 88%] [32mBuilding C object CMakeFiles/turtlesim_msgs__rosidl_generator_py.dir/rosidl_generator_py/turtlesim_msgs/msg/_color_s.c.o[0m
[10.626s] [ 89%] [32mBuilding C object CMakeFiles/turtlesim_msgs__rosidl_generator_py.dir/rosidl_generator_py/turtlesim_msgs/srv/_spawn_s.c.o[0m
[10.626s] [ 89%] [32mBuilding C object CMakeFiles/turtlesim_msgs__rosidl_generator_py.dir/rosidl_generator_py/turtlesim_msgs/action/_rotate_absolute_s.c.o[0m
[10.626s] [ 88%] [32mBuilding C object CMakeFiles/turtlesim_msgs__rosidl_generator_py.dir/rosidl_generator_py/turtlesim_msgs/srv/_kill_s.c.o[0m
[10.627s] [ 89%] [32mBuilding C object CMakeFiles/turtlesim_msgs__rosidl_generator_py.dir/rosidl_generator_py/turtlesim_msgs/srv/_set_pen_s.c.o[0m
[10.627s] [ 90%] [32mBuilding C object CMakeFiles/turtlesim_msgs__rosidl_generator_py.dir/rosidl_generator_py/turtlesim_msgs/srv/_teleport_absolute_s.c.o[0m
[10.627s] [ 91%] [32mBuilding C object CMakeFiles/turtlesim_msgs__rosidl_generator_py.dir/rosidl_generator_py/turtlesim_msgs/srv/_teleport_relative_s.c.o[0m
[10.627s] [ 91%] [32mBuilding C object CMakeFiles/turtlesim_msgs__rosidl_generator_py.dir/rosidl_generator_py/turtlesim_msgs/msg/_pose_s.c.o[0m
[11.145s] [ 93%] [32m[1mLinking C shared library rosidl_generator_py/turtlesim_msgs/libturtlesim_msgs__rosidl_generator_py.so[0m
[11.178s] [ 93%] Built target turtlesim_msgs__rosidl_generator_py
[11.194s] [ 96%] [32mBuilding C object CMakeFiles/turtlesim_msgs__rosidl_typesupport_fastrtps_c__pyext.dir/rosidl_generator_py/turtlesim_msgs/_turtlesim_msgs_s.ep.rosidl_typesupport_fastrtps_c.c.o[0m
[11.194s] [ 96%] [32mBuilding C object CMakeFiles/turtlesim_msgs__rosidl_typesupport_c__pyext.dir/rosidl_generator_py/turtlesim_msgs/_turtlesim_msgs_s.ep.rosidl_typesupport_c.c.o[0m
[11.194s] [ 96%] [32mBuilding C object CMakeFiles/turtlesim_msgs__rosidl_typesupport_introspection_c__pyext.dir/rosidl_generator_py/turtlesim_msgs/_turtlesim_msgs_s.ep.rosidl_typesupport_introspection_c.c.o[0m
[11.333s] [ 98%] [32m[1mLinking C shared library rosidl_generator_py/turtlesim_msgs/turtlesim_msgs_s__rosidl_typesupport_fastrtps_c.cpython-310-x86_64-linux-gnu.so[0m
[11.333s] [ 98%] [32m[1mLinking C shared library rosidl_generator_py/turtlesim_msgs/turtlesim_msgs_s__rosidl_typesupport_c.cpython-310-x86_64-linux-gnu.so[0m
[11.338s] [100%] [32m[1mLinking C shared library rosidl_generator_py/turtlesim_msgs/turtlesim_msgs_s__rosidl_typesupport_introspection_c.cpython-310-x86_64-linux-gnu.so[0m
[11.368s] [100%] Built target turtlesim_msgs__rosidl_typesupport_c__pyext
[11.368s] [100%] Built target turtlesim_msgs__rosidl_typesupport_fastrtps_c__pyext
[11.373s] [100%] Built target turtlesim_msgs__rosidl_typesupport_introspection_c__pyext
[11.383s] Invoked command in '/home/james/ws_TaskPlanner/src/build/turtlesim_msgs' returned '0': CMAKE_PREFIX_PATH=/opt/ros/humble /usr/bin/cmake --build /home/james/ws_TaskPlanner/src/build/turtlesim_msgs -- -j8 -l8
[11.390s] Invoking command in '/home/james/ws_TaskPlanner/src/build/turtlesim_msgs': CMAKE_PREFIX_PATH=/opt/ros/humble /usr/bin/cmake --install /home/james/ws_TaskPlanner/src/build/turtlesim_msgs
[11.396s] -- Install configuration: ""
[11.396s] -- Installing: /home/james/ws_TaskPlanner/src/install/turtlesim_msgs/share/ament_index/resource_index/rosidl_interfaces/turtlesim_msgs
[11.396s] -- Installing: /home/james/ws_TaskPlanner/src/install/turtlesim_msgs/include/turtlesim_msgs/turtlesim_msgs
[11.397s] -- Installing: /home/james/ws_TaskPlanner/src/install/turtlesim_msgs/include/turtlesim_msgs/turtlesim_msgs/srv
[11.397s] -- Installing: /home/james/ws_TaskPlanner/src/install/turtlesim_msgs/include/turtlesim_msgs/turtlesim_msgs/srv/kill.h
[11.397s] -- Installing: /home/james/ws_TaskPlanner/src/install/turtlesim_msgs/include/turtlesim_msgs/turtlesim_msgs/srv/teleport_absolute.h
[11.397s] -- Installing: /home/james/ws_TaskPlanner/src/install/turtlesim_msgs/include/turtlesim_msgs/turtlesim_msgs/srv/teleport_relative.h
[11.397s] -- Installing: /home/james/ws_TaskPlanner/src/install/turtlesim_msgs/include/turtlesim_msgs/turtlesim_msgs/srv/spawn.h
[11.397s] -- Installing: /home/james/ws_TaskPlanner/src/install/turtlesim_msgs/include/turtlesim_msgs/turtlesim_msgs/srv/detail
[11.397s] -- Installing: /home/james/ws_TaskPlanner/src/install/turtlesim_msgs/include/turtlesim_msgs/turtlesim_msgs/srv/detail/teleport_absolute__functions.c
[11.397s] -- Installing: /home/james/ws_TaskPlanner/src/install/turtlesim_msgs/include/turtlesim_msgs/turtlesim_msgs/srv/detail/teleport_relative__struct.h
[11.397s] -- Installing: /home/james/ws_TaskPlanner/src/install/turtlesim_msgs/include/turtlesim_msgs/turtlesim_msgs/srv/detail/teleport_absolute__type_support.h
[11.397s] -- Installing: /home/james/ws_TaskPlanner/src/install/turtlesim_msgs/include/turtlesim_msgs/turtlesim_msgs/srv/detail/set_pen__type_support.h
[11.397s] -- Installing: /home/james/ws_TaskPlanner/src/install/turtlesim_msgs/include/turtlesim_msgs/turtlesim_msgs/srv/detail/kill__type_support.h
[11.397s] -- Installing: /home/james/ws_TaskPlanner/src/install/turtlesim_msgs/include/turtlesim_msgs/turtlesim_msgs/srv/detail/set_pen__functions.c
[11.398s] -- Installing: /home/james/ws_TaskPlanner/src/install/turtlesim_msgs/include/turtlesim_msgs/turtlesim_msgs/srv/detail/set_pen__functions.h
[11.398s] -- Installing: /home/james/ws_TaskPlanner/src/install/turtlesim_msgs/include/turtlesim_msgs/turtlesim_msgs/srv/detail/set_pen__struct.h
[11.398s] -- Installing: /home/james/ws_TaskPlanner/src/install/turtlesim_msgs/include/turtlesim_msgs/turtlesim_msgs/srv/detail/teleport_absolute__struct.h
[11.398s] -- Installing: /home/james/ws_TaskPlanner/src/install/turtlesim_msgs/include/turtlesim_msgs/turtlesim_msgs/srv/detail/kill__functions.h
[11.398s] -- Installing: /home/james/ws_TaskPlanner/src/install/turtlesim_msgs/include/turtlesim_msgs/turtlesim_msgs/srv/detail/kill__struct.h
[11.398s] -- Installing: /home/james/ws_TaskPlanner/src/install/turtlesim_msgs/include/turtlesim_msgs/turtlesim_msgs/srv/detail/teleport_absolute__functions.h
[11.398s] -- Installing: /home/james/ws_TaskPlanner/src/install/turtlesim_msgs/include/turtlesim_msgs/turtlesim_msgs/srv/detail/kill__functions.c
[11.398s] -- Installing: /home/james/ws_TaskPlanner/src/install/turtlesim_msgs/include/turtlesim_msgs/turtlesim_msgs/srv/detail/teleport_relative__functions.h
[11.398s] -- Installing: /home/james/ws_TaskPlanner/src/install/turtlesim_msgs/include/turtlesim_msgs/turtlesim_msgs/srv/detail/spawn__struct.h
[11.398s] -- Installing: /home/james/ws_TaskPlanner/src/install/turtlesim_msgs/include/turtlesim_msgs/turtlesim_msgs/srv/detail/teleport_relative__type_support.h
[11.399s] -- Installing: /home/james/ws_TaskPlanner/src/install/turtlesim_msgs/include/turtlesim_msgs/turtlesim_msgs/srv/detail/spawn__functions.h
[11.399s] -- Installing: /home/james/ws_TaskPlanner/src/install/turtlesim_msgs/include/turtlesim_msgs/turtlesim_msgs/srv/detail/spawn__type_support.h
[11.399s] -- Installing: /home/james/ws_TaskPlanner/src/install/turtlesim_msgs/include/turtlesim_msgs/turtlesim_msgs/srv/detail/spawn__functions.c
[11.399s] -- Installing: /home/james/ws_TaskPlanner/src/install/turtlesim_msgs/include/turtlesim_msgs/turtlesim_msgs/srv/detail/teleport_relative__functions.c
[11.399s] -- Installing: /home/james/ws_TaskPlanner/src/install/turtlesim_msgs/include/turtlesim_msgs/turtlesim_msgs/srv/set_pen.h
[11.399s] -- Installing: /home/james/ws_TaskPlanner/src/install/turtlesim_msgs/include/turtlesim_msgs/turtlesim_msgs/msg
[11.399s] -- Installing: /home/james/ws_TaskPlanner/src/install/turtlesim_msgs/include/turtlesim_msgs/turtlesim_msgs/msg/rosidl_generator_c__visibility_control.h
[11.399s] -- Installing: /home/james/ws_TaskPlanner/src/install/turtlesim_msgs/include/turtlesim_msgs/turtlesim_msgs/msg/color.h
[11.399s] -- Installing: /home/james/ws_TaskPlanner/src/install/turtlesim_msgs/include/turtlesim_msgs/turtlesim_msgs/msg/pose.h
[11.399s] -- Installing: /home/james/ws_TaskPlanner/src/install/turtlesim_msgs/include/turtlesim_msgs/turtlesim_msgs/msg/detail
[11.399s] -- Installing: /home/james/ws_TaskPlanner/src/install/turtlesim_msgs/include/turtlesim_msgs/turtlesim_msgs/msg/detail/pose__struct.h
[11.399s] -- Installing: /home/james/ws_TaskPlanner/src/install/turtlesim_msgs/include/turtlesim_msgs/turtlesim_msgs/msg/detail/color__type_support.h
[11.399s] -- Installing: /home/james/ws_TaskPlanner/src/install/turtlesim_msgs/include/turtlesim_msgs/turtlesim_msgs/msg/detail/pose__functions.c
[11.400s] -- Installing: /home/james/ws_TaskPlanner/src/install/turtlesim_msgs/include/turtlesim_msgs/turtlesim_msgs/msg/detail/pose__type_support.h
[11.400s] -- Installing: /home/james/ws_TaskPlanner/src/install/turtlesim_msgs/include/turtlesim_msgs/turtlesim_msgs/msg/detail/color__functions.c
[11.400s] -- Installing: /home/james/ws_TaskPlanner/src/install/turtlesim_msgs/include/turtlesim_msgs/turtlesim_msgs/msg/detail/pose__functions.h
[11.400s] -- Installing: /home/james/ws_TaskPlanner/src/install/turtlesim_msgs/include/turtlesim_msgs/turtlesim_msgs/msg/detail/color__struct.h
[11.400s] -- Installing: /home/james/ws_TaskPlanner/src/install/turtlesim_msgs/include/turtlesim_msgs/turtlesim_msgs/msg/detail/color__functions.h
[11.400s] -- Installing: /home/james/ws_TaskPlanner/src/install/turtlesim_msgs/include/turtlesim_msgs/turtlesim_msgs/action
[11.400s] -- Installing: /home/james/ws_TaskPlanner/src/install/turtlesim_msgs/include/turtlesim_msgs/turtlesim_msgs/action/rotate_absolute.h
[11.400s] -- Installing: /home/james/ws_TaskPlanner/src/install/turtlesim_msgs/include/turtlesim_msgs/turtlesim_msgs/action/detail
[11.400s] -- Installing: /home/james/ws_TaskPlanner/src/install/turtlesim_msgs/include/turtlesim_msgs/turtlesim_msgs/action/detail/rotate_absolute__functions.c
[11.400s] -- Installing: /home/james/ws_TaskPlanner/src/install/turtlesim_msgs/include/turtlesim_msgs/turtlesim_msgs/action/detail/rotate_absolute__type_support.h
[11.400s] -- Installing: /home/james/ws_TaskPlanner/src/install/turtlesim_msgs/include/turtlesim_msgs/turtlesim_msgs/action/detail/rotate_absolute__struct.h
[11.400s] -- Installing: /home/james/ws_TaskPlanner/src/install/turtlesim_msgs/include/turtlesim_msgs/turtlesim_msgs/action/detail/rotate_absolute__functions.h
[11.401s] -- Installing: /home/james/ws_TaskPlanner/src/install/turtlesim_msgs/share/turtlesim_msgs/environment/library_path.sh
[11.401s] -- Installing: /home/james/ws_TaskPlanner/src/install/turtlesim_msgs/share/turtlesim_msgs/environment/library_path.dsv
[11.401s] -- Installing: /home/james/ws_TaskPlanner/src/install/turtlesim_msgs/lib/libturtlesim_msgs__rosidl_generator_c.so
[11.401s] -- Set runtime path of "/home/james/ws_TaskPlanner/src/install/turtlesim_msgs/lib/libturtlesim_msgs__rosidl_generator_c.so" to ""
[11.402s] -- Up-to-date: /home/james/ws_TaskPlanner/src/install/turtlesim_msgs/include/turtlesim_msgs/turtlesim_msgs
[11.402s] -- Up-to-date: /home/james/ws_TaskPlanner/src/install/turtlesim_msgs/include/turtlesim_msgs/turtlesim_msgs/srv
[11.402s] -- Up-to-date: /home/james/ws_TaskPlanner/src/install/turtlesim_msgs/include/turtlesim_msgs/turtlesim_msgs/srv/detail
[11.402s] -- Installing: /home/james/ws_TaskPlanner/src/install/turtlesim_msgs/include/turtlesim_msgs/turtlesim_msgs/srv/detail/set_pen__rosidl_typesupport_fastrtps_c.h
[11.402s] -- Installing: /home/james/ws_TaskPlanner/src/install/turtlesim_msgs/include/turtlesim_msgs/turtlesim_msgs/srv/detail/spawn__rosidl_typesupport_fastrtps_c.h
[11.402s] -- Installing: /home/james/ws_TaskPlanner/src/install/turtlesim_msgs/include/turtlesim_msgs/turtlesim_msgs/srv/detail/teleport_absolute__rosidl_typesupport_fastrtps_c.h
[11.402s] -- Installing: /home/james/ws_TaskPlanner/src/install/turtlesim_msgs/include/turtlesim_msgs/turtlesim_msgs/srv/detail/teleport_relative__rosidl_typesupport_fastrtps_c.h
[11.402s] -- Installing: /home/james/ws_TaskPlanner/src/install/turtlesim_msgs/include/turtlesim_msgs/turtlesim_msgs/srv/detail/kill__rosidl_typesupport_fastrtps_c.h
[11.402s] -- Up-to-date: /home/james/ws_TaskPlanner/src/install/turtlesim_msgs/include/turtlesim_msgs/turtlesim_msgs/msg
[11.402s] -- Installing: /home/james/ws_TaskPlanner/src/install/turtlesim_msgs/include/turtlesim_msgs/turtlesim_msgs/msg/rosidl_typesupport_fastrtps_c__visibility_control.h
[11.402s] -- Up-to-date: /home/james/ws_TaskPlanner/src/install/turtlesim_msgs/include/turtlesim_msgs/turtlesim_msgs/msg/detail
[11.403s] -- Installing: /home/james/ws_TaskPlanner/src/install/turtlesim_msgs/include/turtlesim_msgs/turtlesim_msgs/msg/detail/color__rosidl_typesupport_fastrtps_c.h
[11.403s] -- Installing: /home/james/ws_TaskPlanner/src/install/turtlesim_msgs/include/turtlesim_msgs/turtlesim_msgs/msg/detail/pose__rosidl_typesupport_fastrtps_c.h
[11.403s] -- Up-to-date: /home/james/ws_TaskPlanner/src/install/turtlesim_msgs/include/turtlesim_msgs/turtlesim_msgs/action
[11.403s] -- Up-to-date: /home/james/ws_TaskPlanner/src/install/turtlesim_msgs/include/turtlesim_msgs/turtlesim_msgs/action/detail
[11.403s] -- Installing: /home/james/ws_TaskPlanner/src/install/turtlesim_msgs/include/turtlesim_msgs/turtlesim_msgs/action/detail/rotate_absolute__rosidl_typesupport_fastrtps_c.h
[11.403s] -- Installing: /home/james/ws_TaskPlanner/src/install/turtlesim_msgs/lib/libturtlesim_msgs__rosidl_typesupport_fastrtps_c.so
[11.403s] -- Set runtime path of "/home/james/ws_TaskPlanner/src/install/turtlesim_msgs/lib/libturtlesim_msgs__rosidl_typesupport_fastrtps_c.so" to ""
[11.403s] -- Up-to-date: /home/james/ws_TaskPlanner/src/install/turtlesim_msgs/include/turtlesim_msgs/turtlesim_msgs
[11.403s] -- Up-to-date: /home/james/ws_TaskPlanner/src/install/turtlesim_msgs/include/turtlesim_msgs/turtlesim_msgs/srv
[11.404s] -- Installing: /home/james/ws_TaskPlanner/src/install/turtlesim_msgs/include/turtlesim_msgs/turtlesim_msgs/srv/set_pen.hpp
[11.404s] -- Installing: /home/james/ws_TaskPlanner/src/install/turtlesim_msgs/include/turtlesim_msgs/turtlesim_msgs/srv/kill.hpp
[11.404s] -- Installing: /home/james/ws_TaskPlanner/src/install/turtlesim_msgs/include/turtlesim_msgs/turtlesim_msgs/srv/teleport_absolute.hpp
[11.404s] -- Installing: /home/james/ws_TaskPlanner/src/install/turtlesim_msgs/include/turtlesim_msgs/turtlesim_msgs/srv/teleport_relative.hpp
[11.404s] -- Up-to-date: /home/james/ws_TaskPlanner/src/install/turtlesim_msgs/include/turtlesim_msgs/turtlesim_msgs/srv/detail
[11.404s] -- Installing: /home/james/ws_TaskPlanner/src/install/turtlesim_msgs/include/turtlesim_msgs/turtlesim_msgs/srv/detail/teleport_absolute__builder.hpp
[11.404s] -- Installing: /home/james/ws_TaskPlanner/src/install/turtlesim_msgs/include/turtlesim_msgs/turtlesim_msgs/srv/detail/teleport_relative__builder.hpp
[11.404s] -- Installing: /home/james/ws_TaskPlanner/src/install/turtlesim_msgs/include/turtlesim_msgs/turtlesim_msgs/srv/detail/set_pen__traits.hpp
[11.404s] -- Installing: /home/james/ws_TaskPlanner/src/install/turtlesim_msgs/include/turtlesim_msgs/turtlesim_msgs/srv/detail/spawn__traits.hpp
[11.404s] -- Installing: /home/james/ws_TaskPlanner/src/install/turtlesim_msgs/include/turtlesim_msgs/turtlesim_msgs/srv/detail/spawn__builder.hpp
[11.404s] -- Installing: /home/james/ws_TaskPlanner/src/install/turtlesim_msgs/include/turtlesim_msgs/turtlesim_msgs/srv/detail/teleport_relative__type_support.hpp
[11.404s] -- Installing: /home/james/ws_TaskPlanner/src/install/turtlesim_msgs/include/turtlesim_msgs/turtlesim_msgs/srv/detail/kill__traits.hpp
[11.404s] -- Installing: /home/james/ws_TaskPlanner/src/install/turtlesim_msgs/include/turtlesim_msgs/turtlesim_msgs/srv/detail/set_pen__builder.hpp
[11.404s] -- Installing: /home/james/ws_TaskPlanner/src/install/turtlesim_msgs/include/turtlesim_msgs/turtlesim_msgs/srv/detail/spawn__struct.hpp
[11.405s] -- Installing: /home/james/ws_TaskPlanner/src/install/turtlesim_msgs/include/turtlesim_msgs/turtlesim_msgs/srv/detail/teleport_relative__struct.hpp
[11.405s] -- Installing: /home/james/ws_TaskPlanner/src/install/turtlesim_msgs/include/turtlesim_msgs/turtlesim_msgs/srv/detail/teleport_absolute__struct.hpp
[11.405s] -- Installing: /home/james/ws_TaskPlanner/src/install/turtlesim_msgs/include/turtlesim_msgs/turtlesim_msgs/srv/detail/kill__struct.hpp
[11.405s] -- Installing: /home/james/ws_TaskPlanner/src/install/turtlesim_msgs/include/turtlesim_msgs/turtlesim_msgs/srv/detail/teleport_absolute__type_support.hpp
[11.405s] -- Installing: /home/james/ws_TaskPlanner/src/install/turtlesim_msgs/include/turtlesim_msgs/turtlesim_msgs/srv/detail/set_pen__type_support.hpp
[11.405s] -- Installing: /home/james/ws_TaskPlanner/src/install/turtlesim_msgs/include/turtlesim_msgs/turtlesim_msgs/srv/detail/spawn__type_support.hpp
[11.405s] -- Installing: /home/james/ws_TaskPlanner/src/install/turtlesim_msgs/include/turtlesim_msgs/turtlesim_msgs/srv/detail/teleport_relative__traits.hpp
[11.405s] -- Installing: /home/james/ws_TaskPlanner/src/install/turtlesim_msgs/include/turtlesim_msgs/turtlesim_msgs/srv/detail/kill__type_support.hpp
[11.405s] -- Installing: /home/james/ws_TaskPlanner/src/install/turtlesim_msgs/include/turtlesim_msgs/turtlesim_msgs/srv/detail/set_pen__struct.hpp
[11.405s] -- Installing: /home/james/ws_TaskPlanner/src/install/turtlesim_msgs/include/turtlesim_msgs/turtlesim_msgs/srv/detail/kill__builder.hpp
[11.405s] -- Installing: /home/james/ws_TaskPlanner/src/install/turtlesim_msgs/include/turtlesim_msgs/turtlesim_msgs/srv/detail/teleport_absolute__traits.hpp
[11.405s] -- Installing: /home/james/ws_TaskPlanner/src/install/turtlesim_msgs/include/turtlesim_msgs/turtlesim_msgs/srv/spawn.hpp
[11.405s] -- Up-to-date: /home/james/ws_TaskPlanner/src/install/turtlesim_msgs/include/turtlesim_msgs/turtlesim_msgs/msg
[11.405s] -- Installing: /home/james/ws_TaskPlanner/src/install/turtlesim_msgs/include/turtlesim_msgs/turtlesim_msgs/msg/pose.hpp
[11.406s] -- Installing: /home/james/ws_TaskPlanner/src/install/turtlesim_msgs/include/turtlesim_msgs/turtlesim_msgs/msg/rosidl_generator_cpp__visibility_control.hpp
[11.406s] -- Installing: /home/james/ws_TaskPlanner/src/install/turtlesim_msgs/include/turtlesim_msgs/turtlesim_msgs/msg/color.hpp
[11.406s] -- Up-to-date: /home/james/ws_TaskPlanner/src/install/turtlesim_msgs/include/turtlesim_msgs/turtlesim_msgs/msg/detail
[11.406s] -- Installing: /home/james/ws_TaskPlanner/src/install/turtlesim_msgs/include/turtlesim_msgs/turtlesim_msgs/msg/detail/pose__traits.hpp
[11.406s] -- Installing: /home/james/ws_TaskPlanner/src/install/turtlesim_msgs/include/turtlesim_msgs/turtlesim_msgs/msg/detail/color__struct.hpp
[11.406s] -- Installing: /home/james/ws_TaskPlanner/src/install/turtlesim_msgs/include/turtlesim_msgs/turtlesim_msgs/msg/detail/pose__builder.hpp
[11.406s] -- Installing: /home/james/ws_TaskPlanner/src/install/turtlesim_msgs/include/turtlesim_msgs/turtlesim_msgs/msg/detail/pose__struct.hpp
[11.406s] -- Installing: /home/james/ws_TaskPlanner/src/install/turtlesim_msgs/include/turtlesim_msgs/turtlesim_msgs/msg/detail/color__type_support.hpp
[11.406s] -- Installing: /home/james/ws_TaskPlanner/src/install/turtlesim_msgs/include/turtlesim_msgs/turtlesim_msgs/msg/detail/color__builder.hpp
[11.406s] -- Installing: /home/james/ws_TaskPlanner/src/install/turtlesim_msgs/include/turtlesim_msgs/turtlesim_msgs/msg/detail/color__traits.hpp
[11.406s] -- Installing: /home/james/ws_TaskPlanner/src/install/turtlesim_msgs/include/turtlesim_msgs/turtlesim_msgs/msg/detail/pose__type_support.hpp
[11.406s] -- Up-to-date: /home/james/ws_TaskPlanner/src/install/turtlesim_msgs/include/turtlesim_msgs/turtlesim_msgs/action
[11.406s] -- Installing: /home/james/ws_TaskPlanner/src/install/turtlesim_msgs/include/turtlesim_msgs/turtlesim_msgs/action/rotate_absolute.hpp
[11.406s] -- Up-to-date: /home/james/ws_TaskPlanner/src/install/turtlesim_msgs/include/turtlesim_msgs/turtlesim_msgs/action/detail
[11.407s] -- Installing: /home/james/ws_TaskPlanner/src/install/turtlesim_msgs/include/turtlesim_msgs/turtlesim_msgs/action/detail/rotate_absolute__traits.hpp
[11.407s] -- Installing: /home/james/ws_TaskPlanner/src/install/turtlesim_msgs/include/turtlesim_msgs/turtlesim_msgs/action/detail/rotate_absolute__type_support.hpp
[11.407s] -- Installing: /home/james/ws_TaskPlanner/src/install/turtlesim_msgs/include/turtlesim_msgs/turtlesim_msgs/action/detail/rotate_absolute__builder.hpp
[11.407s] -- Installing: /home/james/ws_TaskPlanner/src/install/turtlesim_msgs/include/turtlesim_msgs/turtlesim_msgs/action/detail/rotate_absolute__struct.hpp
[11.407s] -- Up-to-date: /home/james/ws_TaskPlanner/src/install/turtlesim_msgs/include/turtlesim_msgs/turtlesim_msgs
[11.407s] -- Up-to-date: /home/james/ws_TaskPlanner/src/install/turtlesim_msgs/include/turtlesim_msgs/turtlesim_msgs/srv
[11.407s] -- Up-to-date: /home/james/ws_TaskPlanner/src/install/turtlesim_msgs/include/turtlesim_msgs/turtlesim_msgs/srv/detail
[11.407s] -- Installing: /home/james/ws_TaskPlanner/src/install/turtlesim_msgs/include/turtlesim_msgs/turtlesim_msgs/srv/detail/dds_fastrtps
[11.407s] -- Installing: /home/james/ws_TaskPlanner/src/install/turtlesim_msgs/include/turtlesim_msgs/turtlesim_msgs/srv/detail/set_pen__rosidl_typesupport_fastrtps_cpp.hpp
[11.407s] -- Installing: /home/james/ws_TaskPlanner/src/install/turtlesim_msgs/include/turtlesim_msgs/turtlesim_msgs/srv/detail/spawn__rosidl_typesupport_fastrtps_cpp.hpp
[11.407s] -- Installing: /home/james/ws_TaskPlanner/src/install/turtlesim_msgs/include/turtlesim_msgs/turtlesim_msgs/srv/detail/teleport_relative__rosidl_typesupport_fastrtps_cpp.hpp
[11.407s] -- Installing: /home/james/ws_TaskPlanner/src/install/turtlesim_msgs/include/turtlesim_msgs/turtlesim_msgs/srv/detail/teleport_absolute__rosidl_typesupport_fastrtps_cpp.hpp
[11.407s] -- Installing: /home/james/ws_TaskPlanner/src/install/turtlesim_msgs/include/turtlesim_msgs/turtlesim_msgs/srv/detail/kill__rosidl_typesupport_fastrtps_cpp.hpp
[11.407s] -- Up-to-date: /home/james/ws_TaskPlanner/src/install/turtlesim_msgs/include/turtlesim_msgs/turtlesim_msgs/msg
[11.408s] -- Up-to-date: /home/james/ws_TaskPlanner/src/install/turtlesim_msgs/include/turtlesim_msgs/turtlesim_msgs/msg/detail
[11.408s] -- Installing: /home/james/ws_TaskPlanner/src/install/turtlesim_msgs/include/turtlesim_msgs/turtlesim_msgs/msg/detail/dds_fastrtps
[11.408s] -- Installing: /home/james/ws_TaskPlanner/src/install/turtlesim_msgs/include/turtlesim_msgs/turtlesim_msgs/msg/detail/pose__rosidl_typesupport_fastrtps_cpp.hpp
[11.408s] -- Installing: /home/james/ws_TaskPlanner/src/install/turtlesim_msgs/include/turtlesim_msgs/turtlesim_msgs/msg/detail/color__rosidl_typesupport_fastrtps_cpp.hpp
[11.408s] -- Installing: /home/james/ws_TaskPlanner/src/install/turtlesim_msgs/include/turtlesim_msgs/turtlesim_msgs/msg/rosidl_typesupport_fastrtps_cpp__visibility_control.h
[11.408s] -- Up-to-date: /home/james/ws_TaskPlanner/src/install/turtlesim_msgs/include/turtlesim_msgs/turtlesim_msgs/action
[11.408s] -- Up-to-date: /home/james/ws_TaskPlanner/src/install/turtlesim_msgs/include/turtlesim_msgs/turtlesim_msgs/action/detail
[11.408s] -- Installing: /home/james/ws_TaskPlanner/src/install/turtlesim_msgs/include/turtlesim_msgs/turtlesim_msgs/action/detail/dds_fastrtps
[11.408s] -- Installing: /home/james/ws_TaskPlanner/src/install/turtlesim_msgs/include/turtlesim_msgs/turtlesim_msgs/action/detail/rotate_absolute__rosidl_typesupport_fastrtps_cpp.hpp
[11.409s] -- Installing: /home/james/ws_TaskPlanner/src/install/turtlesim_msgs/lib/libturtlesim_msgs__rosidl_typesupport_fastrtps_cpp.so
[11.409s] -- Set runtime path of "/home/james/ws_TaskPlanner/src/install/turtlesim_msgs/lib/libturtlesim_msgs__rosidl_typesupport_fastrtps_cpp.so" to ""
[11.409s] -- Up-to-date: /home/james/ws_TaskPlanner/src/install/turtlesim_msgs/include/turtlesim_msgs/turtlesim_msgs
[11.409s] -- Up-to-date: /home/james/ws_TaskPlanner/src/install/turtlesim_msgs/include/turtlesim_msgs/turtlesim_msgs/srv
[11.409s] -- Up-to-date: /home/james/ws_TaskPlanner/src/install/turtlesim_msgs/include/turtlesim_msgs/turtlesim_msgs/srv/detail
[11.409s] -- Installing: /home/james/ws_TaskPlanner/src/install/turtlesim_msgs/include/turtlesim_msgs/turtlesim_msgs/srv/detail/teleport_relative__type_support.c
[11.409s] -- Installing: /home/james/ws_TaskPlanner/src/install/turtlesim_msgs/include/turtlesim_msgs/turtlesim_msgs/srv/detail/teleport_absolute__type_support.c
[11.409s] -- Installing: /home/james/ws_TaskPlanner/src/install/turtlesim_msgs/include/turtlesim_msgs/turtlesim_msgs/srv/detail/set_pen__type_support.c
[11.409s] -- Installing: /home/james/ws_TaskPlanner/src/install/turtlesim_msgs/include/turtlesim_msgs/turtlesim_msgs/srv/detail/spawn__rosidl_typesupport_introspection_c.h
[11.409s] -- Installing: /home/james/ws_TaskPlanner/src/install/turtlesim_msgs/include/turtlesim_msgs/turtlesim_msgs/srv/detail/teleport_absolute__rosidl_typesupport_introspection_c.h
[11.409s] -- Installing: /home/james/ws_TaskPlanner/src/install/turtlesim_msgs/include/turtlesim_msgs/turtlesim_msgs/srv/detail/spawn__type_support.c
[11.409s] -- Installing: /home/james/ws_TaskPlanner/src/install/turtlesim_msgs/include/turtlesim_msgs/turtlesim_msgs/srv/detail/set_pen__rosidl_typesupport_introspection_c.h
[11.409s] -- Installing: /home/james/ws_TaskPlanner/src/install/turtlesim_msgs/include/turtlesim_msgs/turtlesim_msgs/srv/detail/kill__rosidl_typesupport_introspection_c.h
[11.410s] -- Installing: /home/james/ws_TaskPlanner/src/install/turtlesim_msgs/include/turtlesim_msgs/turtlesim_msgs/srv/detail/teleport_relative__rosidl_typesupport_introspection_c.h
[11.410s] -- Installing: /home/james/ws_TaskPlanner/src/install/turtlesim_msgs/include/turtlesim_msgs/turtlesim_msgs/srv/detail/kill__type_support.c
[11.410s] -- Up-to-date: /home/james/ws_TaskPlanner/src/install/turtlesim_msgs/include/turtlesim_msgs/turtlesim_msgs/msg
[11.410s] -- Installing: /home/james/ws_TaskPlanner/src/install/turtlesim_msgs/include/turtlesim_msgs/turtlesim_msgs/msg/rosidl_typesupport_introspection_c__visibility_control.h
[11.410s] -- Up-to-date: /home/james/ws_TaskPlanner/src/install/turtlesim_msgs/include/turtlesim_msgs/turtlesim_msgs/msg/detail
[11.410s] -- Installing: /home/james/ws_TaskPlanner/src/install/turtlesim_msgs/include/turtlesim_msgs/turtlesim_msgs/msg/detail/color__type_support.c
[11.410s] -- Installing: /home/james/ws_TaskPlanner/src/install/turtlesim_msgs/include/turtlesim_msgs/turtlesim_msgs/msg/detail/pose__rosidl_typesupport_introspection_c.h
[11.410s] -- Installing: /home/james/ws_TaskPlanner/src/install/turtlesim_msgs/include/turtlesim_msgs/turtlesim_msgs/msg/detail/color__rosidl_typesupport_introspection_c.h
[11.410s] -- Installing: /home/james/ws_TaskPlanner/src/install/turtlesim_msgs/include/turtlesim_msgs/turtlesim_msgs/msg/detail/pose__type_support.c
[11.411s] -- Up-to-date: /home/james/ws_TaskPlanner/src/install/turtlesim_msgs/include/turtlesim_msgs/turtlesim_msgs/action
[11.411s] -- Up-to-date: /home/james/ws_TaskPlanner/src/install/turtlesim_msgs/include/turtlesim_msgs/turtlesim_msgs/action/detail
[11.411s] -- Installing: /home/james/ws_TaskPlanner/src/install/turtlesim_msgs/include/turtlesim_msgs/turtlesim_msgs/action/detail/rotate_absolute__rosidl_typesupport_introspection_c.h
[11.411s] -- Installing: /home/james/ws_TaskPlanner/src/install/turtlesim_msgs/include/turtlesim_msgs/turtlesim_msgs/action/detail/rotate_absolute__type_support.c
[11.411s] -- Installing: /home/james/ws_TaskPlanner/src/install/turtlesim_msgs/lib/libturtlesim_msgs__rosidl_typesupport_introspection_c.so
[11.411s] -- Set runtime path of "/home/james/ws_TaskPlanner/src/install/turtlesim_msgs/lib/libturtlesim_msgs__rosidl_typesupport_introspection_c.so" to ""
[11.411s] -- Installing: /home/james/ws_TaskPlanner/src/install/turtlesim_msgs/lib/libturtlesim_msgs__rosidl_typesupport_c.so
[11.411s] -- Set runtime path of "/home/james/ws_TaskPlanner/src/install/turtlesim_msgs/lib/libturtlesim_msgs__rosidl_typesupport_c.so" to ""
[11.412s] -- Up-to-date: /home/james/ws_TaskPlanner/src/install/turtlesim_msgs/include/turtlesim_msgs/turtlesim_msgs
[11.412s] -- Up-to-date: /home/james/ws_TaskPlanner/src/install/turtlesim_msgs/include/turtlesim_msgs/turtlesim_msgs/srv
[11.412s] -- Up-to-date: /home/james/ws_TaskPlanner/src/install/turtlesim_msgs/include/turtlesim_msgs/turtlesim_msgs/srv/detail
[11.412s] -- Installing: /home/james/ws_TaskPlanner/src/install/turtlesim_msgs/include/turtlesim_msgs/turtlesim_msgs/srv/detail/teleport_relative__rosidl_typesupport_introspection_cpp.hpp
[11.412s] -- Installing: /home/james/ws_TaskPlanner/src/install/turtlesim_msgs/include/turtlesim_msgs/turtlesim_msgs/srv/detail/teleport_absolute__rosidl_typesupport_introspection_cpp.hpp
[11.412s] -- Installing: /home/james/ws_TaskPlanner/src/install/turtlesim_msgs/include/turtlesim_msgs/turtlesim_msgs/srv/detail/spawn__type_support.cpp
[11.412s] -- Installing: /home/james/ws_TaskPlanner/src/install/turtlesim_msgs/include/turtlesim_msgs/turtlesim_msgs/srv/detail/teleport_absolute__type_support.cpp
[11.412s] -- Installing: /home/james/ws_TaskPlanner/src/install/turtlesim_msgs/include/turtlesim_msgs/turtlesim_msgs/srv/detail/spawn__rosidl_typesupport_introspection_cpp.hpp
[11.412s] -- Installing: /home/james/ws_TaskPlanner/src/install/turtlesim_msgs/include/turtlesim_msgs/turtlesim_msgs/srv/detail/teleport_relative__type_support.cpp
[11.412s] -- Installing: /home/james/ws_TaskPlanner/src/install/turtlesim_msgs/include/turtlesim_msgs/turtlesim_msgs/srv/detail/kill__rosidl_typesupport_introspection_cpp.hpp
[11.413s] -- Installing: /home/james/ws_TaskPlanner/src/install/turtlesim_msgs/include/turtlesim_msgs/turtlesim_msgs/srv/detail/set_pen__rosidl_typesupport_introspection_cpp.hpp
[11.413s] -- Installing: /home/james/ws_TaskPlanner/src/install/turtlesim_msgs/include/turtlesim_msgs/turtlesim_msgs/srv/detail/kill__type_support.cpp
[11.413s] -- Installing: /home/james/ws_TaskPlanner/src/install/turtlesim_msgs/include/turtlesim_msgs/turtlesim_msgs/srv/detail/set_pen__type_support.cpp
[11.413s] -- Up-to-date: /home/james/ws_TaskPlanner/src/install/turtlesim_msgs/include/turtlesim_msgs/turtlesim_msgs/msg
[11.413s] -- Up-to-date: /home/james/ws_TaskPlanner/src/install/turtlesim_msgs/include/turtlesim_msgs/turtlesim_msgs/msg/detail
[11.413s] -- Installing: /home/james/ws_TaskPlanner/src/install/turtlesim_msgs/include/turtlesim_msgs/turtlesim_msgs/msg/detail/color__type_support.cpp
[11.413s] -- Installing: /home/james/ws_TaskPlanner/src/install/turtlesim_msgs/include/turtlesim_msgs/turtlesim_msgs/msg/detail/color__rosidl_typesupport_introspection_cpp.hpp
[11.413s] -- Installing: /home/james/ws_TaskPlanner/src/install/turtlesim_msgs/include/turtlesim_msgs/turtlesim_msgs/msg/detail/pose__rosidl_typesupport_introspection_cpp.hpp
[11.413s] -- Installing: /home/james/ws_TaskPlanner/src/install/turtlesim_msgs/include/turtlesim_msgs/turtlesim_msgs/msg/detail/pose__type_support.cpp
[11.414s] -- Up-to-date: /home/james/ws_TaskPlanner/src/install/turtlesim_msgs/include/turtlesim_msgs/turtlesim_msgs/action
[11.414s] -- Up-to-date: /home/james/ws_TaskPlanner/src/install/turtlesim_msgs/include/turtlesim_msgs/turtlesim_msgs/action/detail
[11.414s] -- Installing: /home/james/ws_TaskPlanner/src/install/turtlesim_msgs/include/turtlesim_msgs/turtlesim_msgs/action/detail/rotate_absolute__rosidl_typesupport_introspection_cpp.hpp
[11.414s] -- Installing: /home/james/ws_TaskPlanner/src/install/turtlesim_msgs/include/turtlesim_msgs/turtlesim_msgs/action/detail/rotate_absolute__type_support.cpp
[11.414s] -- Installing: /home/james/ws_TaskPlanner/src/install/turtlesim_msgs/lib/libturtlesim_msgs__rosidl_typesupport_introspection_cpp.so
[11.414s] -- Set runtime path of "/home/james/ws_TaskPlanner/src/install/turtlesim_msgs/lib/libturtlesim_msgs__rosidl_typesupport_introspection_cpp.so" to ""
[11.414s] -- Installing: /home/james/ws_TaskPlanner/src/install/turtlesim_msgs/lib/libturtlesim_msgs__rosidl_typesupport_cpp.so
[11.414s] -- Set runtime path of "/home/james/ws_TaskPlanner/src/install/turtlesim_msgs/lib/libturtlesim_msgs__rosidl_typesupport_cpp.so" to ""
[11.415s] -- Installing: /home/james/ws_TaskPlanner/src/install/turtlesim_msgs/share/turtlesim_msgs/environment/pythonpath.sh
[11.415s] -- Installing: /home/james/ws_TaskPlanner/src/install/turtlesim_msgs/share/turtlesim_msgs/environment/pythonpath.dsv
[11.415s] -- Installing: /home/james/ws_TaskPlanner/src/install/turtlesim_msgs/local/lib/python3.10/dist-packages/turtlesim_msgs-1.9.2-py3.10.egg-info
[11.415s] -- Installing: /home/james/ws_TaskPlanner/src/install/turtlesim_msgs/local/lib/python3.10/dist-packages/turtlesim_msgs-1.9.2-py3.10.egg-info/dependency_links.txt
[11.415s] -- Installing: /home/james/ws_TaskPlanner/src/install/turtlesim_msgs/local/lib/python3.10/dist-packages/turtlesim_msgs-1.9.2-py3.10.egg-info/SOURCES.txt
[11.415s] -- Installing: /home/james/ws_TaskPlanner/src/install/turtlesim_msgs/local/lib/python3.10/dist-packages/turtlesim_msgs-1.9.2-py3.10.egg-info/PKG-INFO
[11.415s] -- Installing: /home/james/ws_TaskPlanner/src/install/turtlesim_msgs/local/lib/python3.10/dist-packages/turtlesim_msgs-1.9.2-py3.10.egg-info/top_level.txt
[11.415s] -- Installing: /home/james/ws_TaskPlanner/src/install/turtlesim_msgs/local/lib/python3.10/dist-packages/turtlesim_msgs
[11.415s] -- Installing: /home/james/ws_TaskPlanner/src/install/turtlesim_msgs/local/lib/python3.10/dist-packages/turtlesim_msgs/srv
[11.415s] -- Installing: /home/james/ws_TaskPlanner/src/install/turtlesim_msgs/local/lib/python3.10/dist-packages/turtlesim_msgs/srv/_kill.py
[11.415s] -- Installing: /home/james/ws_TaskPlanner/src/install/turtlesim_msgs/local/lib/python3.10/dist-packages/turtlesim_msgs/srv/_teleport_relative.py
[11.415s] -- Installing: /home/james/ws_TaskPlanner/src/install/turtlesim_msgs/local/lib/python3.10/dist-packages/turtlesim_msgs/srv/_kill_s.c
[11.415s] -- Installing: /home/james/ws_TaskPlanner/src/install/turtlesim_msgs/local/lib/python3.10/dist-packages/turtlesim_msgs/srv/_teleport_absolute.py
[11.416s] -- Installing: /home/james/ws_TaskPlanner/src/install/turtlesim_msgs/local/lib/python3.10/dist-packages/turtlesim_msgs/srv/_spawn.py
[11.416s] -- Installing: /home/james/ws_TaskPlanner/src/install/turtlesim_msgs/local/lib/python3.10/dist-packages/turtlesim_msgs/srv/_set_pen_s.c
[11.416s] -- Installing: /home/james/ws_TaskPlanner/src/install/turtlesim_msgs/local/lib/python3.10/dist-packages/turtlesim_msgs/srv/_teleport_absolute_s.c
[11.416s] -- Installing: /home/james/ws_TaskPlanner/src/install/turtlesim_msgs/local/lib/python3.10/dist-packages/turtlesim_msgs/srv/_spawn_s.c
[11.416s] -- Installing: /home/james/ws_TaskPlanner/src/install/turtlesim_msgs/local/lib/python3.10/dist-packages/turtlesim_msgs/srv/_teleport_relative_s.c
[11.416s] -- Installing: /home/james/ws_TaskPlanner/src/install/turtlesim_msgs/local/lib/python3.10/dist-packages/turtlesim_msgs/srv/__init__.py
[11.416s] -- Installing: /home/james/ws_TaskPlanner/src/install/turtlesim_msgs/local/lib/python3.10/dist-packages/turtlesim_msgs/srv/_set_pen.py
[11.416s] -- Installing: /home/james/ws_TaskPlanner/src/install/turtlesim_msgs/local/lib/python3.10/dist-packages/turtlesim_msgs/turtlesim_msgs_s__rosidl_typesupport_c.cpython-310-x86_64-linux-gnu.so
[11.416s] -- Installing: /home/james/ws_TaskPlanner/src/install/turtlesim_msgs/local/lib/python3.10/dist-packages/turtlesim_msgs/_turtlesim_msgs_s.ep.rosidl_typesupport_introspection_c.c
[11.416s] -- Installing: /home/james/ws_TaskPlanner/src/install/turtlesim_msgs/local/lib/python3.10/dist-packages/turtlesim_msgs/turtlesim_msgs_s__rosidl_typesupport_fastrtps_c.cpython-310-x86_64-linux-gnu.so
[11.416s] -- Installing: /home/james/ws_TaskPlanner/src/install/turtlesim_msgs/local/lib/python3.10/dist-packages/turtlesim_msgs/msg
[11.416s] -- Installing: /home/james/ws_TaskPlanner/src/install/turtlesim_msgs/local/lib/python3.10/dist-packages/turtlesim_msgs/msg/_pose_s.c
[11.416s] -- Installing: /home/james/ws_TaskPlanner/src/install/turtlesim_msgs/local/lib/python3.10/dist-packages/turtlesim_msgs/msg/_pose.py
[11.416s] -- Installing: /home/james/ws_TaskPlanner/src/install/turtlesim_msgs/local/lib/python3.10/dist-packages/turtlesim_msgs/msg/_color.py
[11.416s] -- Installing: /home/james/ws_TaskPlanner/src/install/turtlesim_msgs/local/lib/python3.10/dist-packages/turtlesim_msgs/msg/_color_s.c
[11.416s] -- Installing: /home/james/ws_TaskPlanner/src/install/turtlesim_msgs/local/lib/python3.10/dist-packages/turtlesim_msgs/msg/__init__.py
[11.416s] -- Installing: /home/james/ws_TaskPlanner/src/install/turtlesim_msgs/local/lib/python3.10/dist-packages/turtlesim_msgs/_turtlesim_msgs_s.ep.rosidl_typesupport_c.c
[11.417s] -- Installing: /home/james/ws_TaskPlanner/src/install/turtlesim_msgs/local/lib/python3.10/dist-packages/turtlesim_msgs/_turtlesim_msgs_s.ep.rosidl_typesupport_fastrtps_c.c
[11.417s] -- Installing: /home/james/ws_TaskPlanner/src/install/turtlesim_msgs/local/lib/python3.10/dist-packages/turtlesim_msgs/action
[11.417s] -- Installing: /home/james/ws_TaskPlanner/src/install/turtlesim_msgs/local/lib/python3.10/dist-packages/turtlesim_msgs/action/_rotate_absolute.py
[11.417s] -- Installing: /home/james/ws_TaskPlanner/src/install/turtlesim_msgs/local/lib/python3.10/dist-packages/turtlesim_msgs/action/_rotate_absolute_s.c
[11.417s] -- Installing: /home/james/ws_TaskPlanner/src/install/turtlesim_msgs/local/lib/python3.10/dist-packages/turtlesim_msgs/action/__init__.py
[11.417s] -- Installing: /home/james/ws_TaskPlanner/src/install/turtlesim_msgs/local/lib/python3.10/dist-packages/turtlesim_msgs/turtlesim_msgs_s__rosidl_typesupport_introspection_c.cpython-310-x86_64-linux-gnu.so
[11.417s] -- Installing: /home/james/ws_TaskPlanner/src/install/turtlesim_msgs/local/lib/python3.10/dist-packages/turtlesim_msgs/__init__.py
[11.417s] -- Installing: /home/james/ws_TaskPlanner/src/install/turtlesim_msgs/local/lib/python3.10/dist-packages/turtlesim_msgs/libturtlesim_msgs__rosidl_generator_py.so
[11.477s] Listing '/home/james/ws_TaskPlanner/src/install/turtlesim_msgs/local/lib/python3.10/dist-packages/turtlesim_msgs'...
[11.477s] Compiling '/home/james/ws_TaskPlanner/src/install/turtlesim_msgs/local/lib/python3.10/dist-packages/turtlesim_msgs/__init__.py'...
[11.477s] Listing '/home/james/ws_TaskPlanner/src/install/turtlesim_msgs/local/lib/python3.10/dist-packages/turtlesim_msgs/action'...
[11.477s] Compiling '/home/james/ws_TaskPlanner/src/install/turtlesim_msgs/local/lib/python3.10/dist-packages/turtlesim_msgs/action/__init__.py'...
[11.477s] Compiling '/home/james/ws_TaskPlanner/src/install/turtlesim_msgs/local/lib/python3.10/dist-packages/turtlesim_msgs/action/_rotate_absolute.py'...
[11.477s] Listing '/home/james/ws_TaskPlanner/src/install/turtlesim_msgs/local/lib/python3.10/dist-packages/turtlesim_msgs/msg'...
[11.477s] Compiling '/home/james/ws_TaskPlanner/src/install/turtlesim_msgs/local/lib/python3.10/dist-packages/turtlesim_msgs/msg/__init__.py'...
[11.477s] Compiling '/home/james/ws_TaskPlanner/src/install/turtlesim_msgs/local/lib/python3.10/dist-packages/turtlesim_msgs/msg/_color.py'...
[11.477s] Compiling '/home/james/ws_TaskPlanner/src/install/turtlesim_msgs/local/lib/python3.10/dist-packages/turtlesim_msgs/msg/_pose.py'...
[11.478s] Listing '/home/james/ws_TaskPlanner/src/install/turtlesim_msgs/local/lib/python3.10/dist-packages/turtlesim_msgs/srv'...
[11.478s] Compiling '/home/james/ws_TaskPlanner/src/install/turtlesim_msgs/local/lib/python3.10/dist-packages/turtlesim_msgs/srv/__init__.py'...
[11.478s] Compiling '/home/james/ws_TaskPlanner/src/install/turtlesim_msgs/local/lib/python3.10/dist-packages/turtlesim_msgs/srv/_kill.py'...
[11.478s] Compiling '/home/james/ws_TaskPlanner/src/install/turtlesim_msgs/local/lib/python3.10/dist-packages/turtlesim_msgs/srv/_set_pen.py'...
[11.478s] Compiling '/home/james/ws_TaskPlanner/src/install/turtlesim_msgs/local/lib/python3.10/dist-packages/turtlesim_msgs/srv/_spawn.py'...
[11.478s] Compiling '/home/james/ws_TaskPlanner/src/install/turtlesim_msgs/local/lib/python3.10/dist-packages/turtlesim_msgs/srv/_teleport_absolute.py'...
[11.478s] Compiling '/home/james/ws_TaskPlanner/src/install/turtlesim_msgs/local/lib/python3.10/dist-packages/turtlesim_msgs/srv/_teleport_relative.py'...
[11.482s] -- Installing: /home/james/ws_TaskPlanner/src/install/turtlesim_msgs/local/lib/python3.10/dist-packages/turtlesim_msgs/turtlesim_msgs_s__rosidl_typesupport_fastrtps_c.cpython-310-x86_64-linux-gnu.so
[11.482s] -- Set runtime path of "/home/james/ws_TaskPlanner/src/install/turtlesim_msgs/local/lib/python3.10/dist-packages/turtlesim_msgs/turtlesim_msgs_s__rosidl_typesupport_fastrtps_c.cpython-310-x86_64-linux-gnu.so" to ""
[11.482s] -- Installing: /home/james/ws_TaskPlanner/src/install/turtlesim_msgs/local/lib/python3.10/dist-packages/turtlesim_msgs/turtlesim_msgs_s__rosidl_typesupport_introspection_c.cpython-310-x86_64-linux-gnu.so
[11.482s] -- Set runtime path of "/home/james/ws_TaskPlanner/src/install/turtlesim_msgs/local/lib/python3.10/dist-packages/turtlesim_msgs/turtlesim_msgs_s__rosidl_typesupport_introspection_c.cpython-310-x86_64-linux-gnu.so" to ""
[11.483s] -- Installing: /home/james/ws_TaskPlanner/src/install/turtlesim_msgs/local/lib/python3.10/dist-packages/turtlesim_msgs/turtlesim_msgs_s__rosidl_typesupport_c.cpython-310-x86_64-linux-gnu.so
[11.483s] -- Set runtime path of "/home/james/ws_TaskPlanner/src/install/turtlesim_msgs/local/lib/python3.10/dist-packages/turtlesim_msgs/turtlesim_msgs_s__rosidl_typesupport_c.cpython-310-x86_64-linux-gnu.so" to ""
[11.483s] -- Installing: /home/james/ws_TaskPlanner/src/install/turtlesim_msgs/lib/libturtlesim_msgs__rosidl_generator_py.so
[11.484s] -- Set runtime path of "/home/james/ws_TaskPlanner/src/install/turtlesim_msgs/lib/libturtlesim_msgs__rosidl_generator_py.so" to ""
[11.484s] -- Installing: /home/james/ws_TaskPlanner/src/install/turtlesim_msgs/share/turtlesim_msgs/msg/Color.idl
[11.484s] -- Installing: /home/james/ws_TaskPlanner/src/install/turtlesim_msgs/share/turtlesim_msgs/msg/Pose.idl
[11.484s] -- Installing: /home/james/ws_TaskPlanner/src/install/turtlesim_msgs/share/turtlesim_msgs/action/RotateAbsolute.idl
[11.484s] -- Installing: /home/james/ws_TaskPlanner/src/install/turtlesim_msgs/share/turtlesim_msgs/srv/Kill.idl
[11.484s] -- Installing: /home/james/ws_TaskPlanner/src/install/turtlesim_msgs/share/turtlesim_msgs/srv/SetPen.idl
[11.484s] -- Installing: /home/james/ws_TaskPlanner/src/install/turtlesim_msgs/share/turtlesim_msgs/srv/Spawn.idl
[11.484s] -- Installing: /home/james/ws_TaskPlanner/src/install/turtlesim_msgs/share/turtlesim_msgs/srv/TeleportAbsolute.idl
[11.485s] -- Installing: /home/james/ws_TaskPlanner/src/install/turtlesim_msgs/share/turtlesim_msgs/srv/TeleportRelative.idl
[11.485s] -- Installing: /home/james/ws_TaskPlanner/src/install/turtlesim_msgs/share/turtlesim_msgs/msg/Color.msg
[11.485s] -- Installing: /home/james/ws_TaskPlanner/src/install/turtlesim_msgs/share/turtlesim_msgs/msg/Pose.msg
[11.485s] -- Installing: /home/james/ws_TaskPlanner/src/install/turtlesim_msgs/share/turtlesim_msgs/action/RotateAbsolute.action
[11.485s] -- Installing: /home/james/ws_TaskPlanner/src/install/turtlesim_msgs/share/turtlesim_msgs/srv/Kill.srv
[11.485s] -- Installing: /home/james/ws_TaskPlanner/src/install/turtlesim_msgs/share/turtlesim_msgs/srv/Kill_Request.msg
[11.485s] -- Installing: /home/james/ws_TaskPlanner/src/install/turtlesim_msgs/share/turtlesim_msgs/srv/Kill_Response.msg
[11.485s] -- Installing: /home/james/ws_TaskPlanner/src/install/turtlesim_msgs/share/turtlesim_msgs/srv/SetPen.srv
[11.485s] -- Installing: /home/james/ws_TaskPlanner/src/install/turtlesim_msgs/share/turtlesim_msgs/srv/SetPen_Request.msg
[11.485s] -- Installing: /home/james/ws_TaskPlanner/src/install/turtlesim_msgs/share/turtlesim_msgs/srv/SetPen_Response.msg
[11.486s] -- Installing: /home/james/ws_TaskPlanner/src/install/turtlesim_msgs/share/turtlesim_msgs/srv/Spawn.srv
[11.486s] -- Installing: /home/james/ws_TaskPlanner/src/install/turtlesim_msgs/share/turtlesim_msgs/srv/Spawn_Request.msg
[11.486s] -- Installing: /home/james/ws_TaskPlanner/src/install/turtlesim_msgs/share/turtlesim_msgs/srv/Spawn_Response.msg
[11.486s] -- Installing: /home/james/ws_TaskPlanner/src/install/turtlesim_msgs/share/turtlesim_msgs/srv/TeleportAbsolute.srv
[11.486s] -- Installing: /home/james/ws_TaskPlanner/src/install/turtlesim_msgs/share/turtlesim_msgs/srv/TeleportAbsolute_Request.msg
[11.486s] -- Installing: /home/james/ws_TaskPlanner/src/install/turtlesim_msgs/share/turtlesim_msgs/srv/TeleportAbsolute_Response.msg
[11.486s] -- Installing: /home/james/ws_TaskPlanner/src/install/turtlesim_msgs/share/turtlesim_msgs/srv/TeleportRelative.srv
[11.486s] -- Installing: /home/james/ws_TaskPlanner/src/install/turtlesim_msgs/share/turtlesim_msgs/srv/TeleportRelative_Request.msg
[11.486s] -- Installing: /home/james/ws_TaskPlanner/src/install/turtlesim_msgs/share/turtlesim_msgs/srv/TeleportRelative_Response.msg
[11.487s] -- Installing: /home/james/ws_TaskPlanner/src/install/turtlesim_msgs/share/ament_index/resource_index/package_run_dependencies/turtlesim_msgs
[11.487s] -- Installing: /home/james/ws_TaskPlanner/src/install/turtlesim_msgs/share/ament_index/resource_index/parent_prefix_path/turtlesim_msgs
[11.487s] -- Installing: /home/james/ws_TaskPlanner/src/install/turtlesim_msgs/share/turtlesim_msgs/environment/ament_prefix_path.sh
[11.487s] -- Installing: /home/james/ws_TaskPlanner/src/install/turtlesim_msgs/share/turtlesim_msgs/environment/ament_prefix_path.dsv
[11.487s] -- Installing: /home/james/ws_TaskPlanner/src/install/turtlesim_msgs/share/turtlesim_msgs/environment/path.sh
[11.487s] -- Installing: /home/james/ws_TaskPlanner/src/install/turtlesim_msgs/share/turtlesim_msgs/environment/path.dsv
[11.487s] -- Installing: /home/james/ws_TaskPlanner/src/install/turtlesim_msgs/share/turtlesim_msgs/local_setup.bash
[11.487s] -- Installing: /home/james/ws_TaskPlanner/src/install/turtlesim_msgs/share/turtlesim_msgs/local_setup.sh
[11.487s] -- Installing: /home/james/ws_TaskPlanner/src/install/turtlesim_msgs/share/turtlesim_msgs/local_setup.zsh
[11.487s] -- Installing: /home/james/ws_TaskPlanner/src/install/turtlesim_msgs/share/turtlesim_msgs/local_setup.dsv
[11.488s] -- Installing: /home/james/ws_TaskPlanner/src/install/turtlesim_msgs/share/turtlesim_msgs/package.dsv
[11.488s] -- Installing: /home/james/ws_TaskPlanner/src/install/turtlesim_msgs/share/ament_index/resource_index/packages/turtlesim_msgs
[11.488s] -- Installing: /home/james/ws_TaskPlanner/src/install/turtlesim_msgs/share/turtlesim_msgs/cmake/export_turtlesim_msgs__rosidl_generator_cExport.cmake
[11.488s] -- Installing: /home/james/ws_TaskPlanner/src/install/turtlesim_msgs/share/turtlesim_msgs/cmake/export_turtlesim_msgs__rosidl_generator_cExport-noconfig.cmake
[11.488s] -- Installing: /home/james/ws_TaskPlanner/src/install/turtlesim_msgs/share/turtlesim_msgs/cmake/export_turtlesim_msgs__rosidl_typesupport_fastrtps_cExport.cmake
[11.488s] -- Installing: /home/james/ws_TaskPlanner/src/install/turtlesim_msgs/share/turtlesim_msgs/cmake/export_turtlesim_msgs__rosidl_typesupport_fastrtps_cExport-noconfig.cmake
[11.489s] -- Installing: /home/james/ws_TaskPlanner/src/install/turtlesim_msgs/share/turtlesim_msgs/cmake/export_turtlesim_msgs__rosidl_generator_cppExport.cmake
[11.489s] -- Installing: /home/james/ws_TaskPlanner/src/install/turtlesim_msgs/share/turtlesim_msgs/cmake/export_turtlesim_msgs__rosidl_typesupport_fastrtps_cppExport.cmake
[11.489s] -- Installing: /home/james/ws_TaskPlanner/src/install/turtlesim_msgs/share/turtlesim_msgs/cmake/export_turtlesim_msgs__rosidl_typesupport_fastrtps_cppExport-noconfig.cmake
[11.489s] -- Installing: /home/james/ws_TaskPlanner/src/install/turtlesim_msgs/share/turtlesim_msgs/cmake/turtlesim_msgs__rosidl_typesupport_introspection_cExport.cmake
[11.489s] -- Installing: /home/james/ws_TaskPlanner/src/install/turtlesim_msgs/share/turtlesim_msgs/cmake/turtlesim_msgs__rosidl_typesupport_introspection_cExport-noconfig.cmake
[11.489s] -- Installing: /home/james/ws_TaskPlanner/src/install/turtlesim_msgs/share/turtlesim_msgs/cmake/turtlesim_msgs__rosidl_typesupport_cExport.cmake
[11.489s] -- Installing: /home/james/ws_TaskPlanner/src/install/turtlesim_msgs/share/turtlesim_msgs/cmake/turtlesim_msgs__rosidl_typesupport_cExport-noconfig.cmake
[11.490s] -- Installing: /home/james/ws_TaskPlanner/src/install/turtlesim_msgs/share/turtlesim_msgs/cmake/turtlesim_msgs__rosidl_typesupport_introspection_cppExport.cmake
[11.490s] -- Installing: /home/james/ws_TaskPlanner/src/install/turtlesim_msgs/share/turtlesim_msgs/cmake/turtlesim_msgs__rosidl_typesupport_introspection_cppExport-noconfig.cmake
[11.490s] -- Installing: /home/james/ws_TaskPlanner/src/install/turtlesim_msgs/share/turtlesim_msgs/cmake/turtlesim_msgs__rosidl_typesupport_cppExport.cmake
[11.490s] -- Installing: /home/james/ws_TaskPlanner/src/install/turtlesim_msgs/share/turtlesim_msgs/cmake/turtlesim_msgs__rosidl_typesupport_cppExport-noconfig.cmake
[11.490s] -- Installing: /home/james/ws_TaskPlanner/src/install/turtlesim_msgs/share/turtlesim_msgs/cmake/export_turtlesim_msgs__rosidl_generator_pyExport.cmake
[11.490s] -- Installing: /home/james/ws_TaskPlanner/src/install/turtlesim_msgs/share/turtlesim_msgs/cmake/export_turtlesim_msgs__rosidl_generator_pyExport-noconfig.cmake
[11.490s] -- Installing: /home/james/ws_TaskPlanner/src/install/turtlesim_msgs/share/turtlesim_msgs/cmake/rosidl_cmake-extras.cmake
[11.491s] -- Installing: /home/james/ws_TaskPlanner/src/install/turtlesim_msgs/share/turtlesim_msgs/cmake/ament_cmake_export_dependencies-extras.cmake
[11.491s] -- Installing: /home/james/ws_TaskPlanner/src/install/turtlesim_msgs/share/turtlesim_msgs/cmake/ament_cmake_export_include_directories-extras.cmake
[11.491s] -- Installing: /home/james/ws_TaskPlanner/src/install/turtlesim_msgs/share/turtlesim_msgs/cmake/ament_cmake_export_libraries-extras.cmake
[11.491s] -- Installing: /home/james/ws_TaskPlanner/src/install/turtlesim_msgs/share/turtlesim_msgs/cmake/ament_cmake_export_targets-extras.cmake
[11.491s] -- Installing: /home/james/ws_TaskPlanner/src/install/turtlesim_msgs/share/turtlesim_msgs/cmake/rosidl_cmake_export_typesupport_targets-extras.cmake
[11.491s] -- Installing: /home/james/ws_TaskPlanner/src/install/turtlesim_msgs/share/turtlesim_msgs/cmake/rosidl_cmake_export_typesupport_libraries-extras.cmake
[11.491s] -- Installing: /home/james/ws_TaskPlanner/src/install/turtlesim_msgs/share/turtlesim_msgs/cmake/turtlesim_msgsConfig.cmake
[11.492s] -- Installing: /home/james/ws_TaskPlanner/src/install/turtlesim_msgs/share/turtlesim_msgs/cmake/turtlesim_msgsConfig-version.cmake
[11.492s] -- Installing: /home/james/ws_TaskPlanner/src/install/turtlesim_msgs/share/turtlesim_msgs/package.xml
[11.494s] Invoked command in '/home/james/ws_TaskPlanner/src/build/turtlesim_msgs' returned '0': CMAKE_PREFIX_PATH=/opt/ros/humble /usr/bin/cmake --install /home/james/ws_TaskPlanner/src/build/turtlesim_msgs
